{"/home/tufe/dev/backend_cbpm/japaFile.ts":{"path":"/home/tufe/dev/backend_cbpm/japaFile.ts","statementMap":{"0":{"start":{"line":2,"column":22},"end":{"line":8,"column":3}},"1":{"start":{"line":3,"column":4},"end":{"line":3,"column":33}},"2":{"start":{"line":3,"column":26},"end":{"line":3,"column":33}},"3":{"start":{"line":4,"column":4},"end":{"line":4,"column":89}},"4":{"start":{"line":4,"column":71},"end":{"line":4,"column":83}},"5":{"start":{"line":6,"column":4},"end":{"line":6,"column":33}},"6":{"start":{"line":6,"column":26},"end":{"line":6,"column":33}},"7":{"start":{"line":7,"column":4},"end":{"line":7,"column":17}},"8":{"start":{"line":9,"column":25},"end":{"line":13,"column":2}},"9":{"start":{"line":10,"column":4},"end":{"line":10,"column":72}},"10":{"start":{"line":12,"column":4},"end":{"line":12,"column":21}},"11":{"start":{"line":14,"column":19},"end":{"line":20,"column":1}},"12":{"start":{"line":15,"column":4},"end":{"line":15,"column":42}},"13":{"start":{"line":15,"column":31},"end":{"line":15,"column":42}},"14":{"start":{"line":16,"column":17},"end":{"line":16,"column":19}},"15":{"start":{"line":17,"column":4},"end":{"line":17,"column":141}},"16":{"start":{"line":17,"column":21},"end":{"line":17,"column":141}},"17":{"start":{"line":17,"column":40},"end":{"line":17,"column":141}},"18":{"start":{"line":17,"column":109},"end":{"line":17,"column":141}},"19":{"start":{"line":18,"column":4},"end":{"line":18,"column":36}},"20":{"start":{"line":19,"column":4},"end":{"line":19,"column":18}},"21":{"start":{"line":21,"column":22},"end":{"line":23,"column":1}},"22":{"start":{"line":22,"column":4},"end":{"line":22,"column":62}},"23":{"start":{"line":24,"column":0},"end":{"line":24,"column":62}},"24":{"start":{"line":25,"column":16},"end":{"line":25,"column":49}},"25":{"start":{"line":26,"column":19},"end":{"line":26,"column":55}},"26":{"start":{"line":27,"column":15},"end":{"line":27,"column":30}},"27":{"start":{"line":28,"column":15},"end":{"line":28,"column":30}},"28":{"start":{"line":29,"column":0},"end":{"line":29,"column":28}},"29":{"start":{"line":30,"column":29},"end":{"line":30,"column":75}},"30":{"start":{"line":31,"column":0},"end":{"line":31,"column":33}},"31":{"start":{"line":32,"column":0},"end":{"line":32,"column":52}},"32":{"start":{"line":33,"column":0},"end":{"line":33,"column":74}},"33":{"start":{"line":35,"column":22},"end":{"line":35,"column":46}},"34":{"start":{"line":36,"column":4},"end":{"line":38,"column":5}},"35":{"start":{"line":37,"column":8},"end":{"line":37,"column":35}},"36":{"start":{"line":39,"column":4},"end":{"line":39,"column":58}},"37":{"start":{"line":42,"column":4},"end":{"line":44,"column":7}},"38":{"start":{"line":47,"column":4},"end":{"line":49,"column":7}},"39":{"start":{"line":52,"column":24},"end":{"line":52,"column":117}},"40":{"start":{"line":52,"column":59},"end":{"line":52,"column":116}},"41":{"start":{"line":53,"column":4},"end":{"line":53,"column":58}},"42":{"start":{"line":54,"column":4},"end":{"line":54,"column":54}},"43":{"start":{"line":56,"column":0},"end":{"line":60,"column":3}}},"fnMap":{"0":{"name":"(anonymous_0)","decl":{"start":{"line":2,"column":74},"end":{"line":2,"column":75}},"loc":{"start":{"line":2,"column":96},"end":{"line":5,"column":1}},"line":2},"1":{"name":"(anonymous_1)","decl":{"start":{"line":4,"column":58},"end":{"line":4,"column":59}},"loc":{"start":{"line":4,"column":69},"end":{"line":4,"column":85}},"line":4},"2":{"name":"(anonymous_2)","decl":{"start":{"line":5,"column":6},"end":{"line":5,"column":7}},"loc":{"start":{"line":5,"column":28},"end":{"line":8,"column":1}},"line":5},"3":{"name":"(anonymous_3)","decl":{"start":{"line":9,"column":80},"end":{"line":9,"column":81}},"loc":{"start":{"line":9,"column":95},"end":{"line":11,"column":1}},"line":9},"4":{"name":"(anonymous_4)","decl":{"start":{"line":11,"column":5},"end":{"line":11,"column":6}},"loc":{"start":{"line":11,"column":20},"end":{"line":13,"column":1}},"line":11},"5":{"name":"(anonymous_5)","decl":{"start":{"line":14,"column":50},"end":{"line":14,"column":51}},"loc":{"start":{"line":14,"column":65},"end":{"line":20,"column":1}},"line":14},"6":{"name":"(anonymous_6)","decl":{"start":{"line":21,"column":56},"end":{"line":21,"column":57}},"loc":{"start":{"line":21,"column":71},"end":{"line":23,"column":1}},"line":21},"7":{"name":"getTestFiles","decl":{"start":{"line":34,"column":9},"end":{"line":34,"column":21}},"loc":{"start":{"line":34,"column":24},"end":{"line":40,"column":1}},"line":34},"8":{"name":"runMigrations","decl":{"start":{"line":41,"column":15},"end":{"line":41,"column":28}},"loc":{"start":{"line":41,"column":31},"end":{"line":45,"column":1}},"line":41},"9":{"name":"rollbackMigrations","decl":{"start":{"line":46,"column":15},"end":{"line":46,"column":33}},"loc":{"start":{"line":46,"column":36},"end":{"line":50,"column":1}},"line":46},"10":{"name":"startHttpServer","decl":{"start":{"line":51,"column":15},"end":{"line":51,"column":30}},"loc":{"start":{"line":51,"column":33},"end":{"line":55,"column":1}},"line":51},"11":{"name":"(anonymous_11)","decl":{"start":{"line":52,"column":53},"end":{"line":52,"column":54}},"loc":{"start":{"line":52,"column":59},"end":{"line":52,"column":116}},"line":52}},"branchMap":{"0":{"loc":{"start":{"line":2,"column":22},"end":{"line":8,"column":3}},"type":"binary-expr","locations":[{"start":{"line":2,"column":23},"end":{"line":2,"column":27}},{"start":{"line":2,"column":31},"end":{"line":2,"column":51}},{"start":{"line":2,"column":57},"end":{"line":8,"column":2}}],"line":2},"1":{"loc":{"start":{"line":2,"column":57},"end":{"line":8,"column":2}},"type":"cond-expr","locations":[{"start":{"line":2,"column":74},"end":{"line":5,"column":1}},{"start":{"line":5,"column":6},"end":{"line":8,"column":1}}],"line":2},"2":{"loc":{"start":{"line":3,"column":4},"end":{"line":3,"column":33}},"type":"if","locations":[{"start":{"line":3,"column":4},"end":{"line":3,"column":33}},{"start":{"line":3,"column":4},"end":{"line":3,"column":33}}],"line":3},"3":{"loc":{"start":{"line":6,"column":4},"end":{"line":6,"column":33}},"type":"if","locations":[{"start":{"line":6,"column":4},"end":{"line":6,"column":33}},{"start":{"line":6,"column":4},"end":{"line":6,"column":33}}],"line":6},"4":{"loc":{"start":{"line":9,"column":25},"end":{"line":13,"column":2}},"type":"binary-expr","locations":[{"start":{"line":9,"column":26},"end":{"line":9,"column":30}},{"start":{"line":9,"column":34},"end":{"line":9,"column":57}},{"start":{"line":9,"column":63},"end":{"line":13,"column":1}}],"line":9},"5":{"loc":{"start":{"line":9,"column":63},"end":{"line":13,"column":1}},"type":"cond-expr","locations":[{"start":{"line":9,"column":80},"end":{"line":11,"column":1}},{"start":{"line":11,"column":5},"end":{"line":13,"column":1}}],"line":9},"6":{"loc":{"start":{"line":14,"column":19},"end":{"line":20,"column":1}},"type":"binary-expr","locations":[{"start":{"line":14,"column":20},"end":{"line":14,"column":24}},{"start":{"line":14,"column":28},"end":{"line":14,"column":45}},{"start":{"line":14,"column":50},"end":{"line":20,"column":1}}],"line":14},"7":{"loc":{"start":{"line":15,"column":4},"end":{"line":15,"column":42}},"type":"if","locations":[{"start":{"line":15,"column":4},"end":{"line":15,"column":42}},{"start":{"line":15,"column":4},"end":{"line":15,"column":42}}],"line":15},"8":{"loc":{"start":{"line":15,"column":8},"end":{"line":15,"column":29}},"type":"binary-expr","locations":[{"start":{"line":15,"column":8},"end":{"line":15,"column":11}},{"start":{"line":15,"column":15},"end":{"line":15,"column":29}}],"line":15},"9":{"loc":{"start":{"line":17,"column":4},"end":{"line":17,"column":141}},"type":"if","locations":[{"start":{"line":17,"column":4},"end":{"line":17,"column":141}},{"start":{"line":17,"column":4},"end":{"line":17,"column":141}}],"line":17},"10":{"loc":{"start":{"line":17,"column":40},"end":{"line":17,"column":141}},"type":"if","locations":[{"start":{"line":17,"column":40},"end":{"line":17,"column":141}},{"start":{"line":17,"column":40},"end":{"line":17,"column":141}}],"line":17},"11":{"loc":{"start":{"line":17,"column":44},"end":{"line":17,"column":107}},"type":"binary-expr","locations":[{"start":{"line":17,"column":44},"end":{"line":17,"column":59}},{"start":{"line":17,"column":63},"end":{"line":17,"column":107}}],"line":17},"12":{"loc":{"start":{"line":21,"column":22},"end":{"line":23,"column":1}},"type":"binary-expr","locations":[{"start":{"line":21,"column":23},"end":{"line":21,"column":27}},{"start":{"line":21,"column":31},"end":{"line":21,"column":51}},{"start":{"line":21,"column":56},"end":{"line":23,"column":1}}],"line":21},"13":{"loc":{"start":{"line":22,"column":11},"end":{"line":22,"column":61}},"type":"cond-expr","locations":[{"start":{"line":22,"column":37},"end":{"line":22,"column":40}},{"start":{"line":22,"column":43},"end":{"line":22,"column":61}}],"line":22},"14":{"loc":{"start":{"line":22,"column":12},"end":{"line":22,"column":33}},"type":"binary-expr","locations":[{"start":{"line":22,"column":12},"end":{"line":22,"column":15}},{"start":{"line":22,"column":19},"end":{"line":22,"column":33}}],"line":22},"15":{"loc":{"start":{"line":36,"column":4},"end":{"line":38,"column":5}},"type":"if","locations":[{"start":{"line":36,"column":4},"end":{"line":38,"column":5}},{"start":{"line":36,"column":4},"end":{"line":38,"column":5}}],"line":36}},"s":{"0":1,"1":0,"2":0,"3":0,"4":0,"5":0,"6":0,"7":0,"8":1,"9":0,"10":0,"11":1,"12":1,"13":1,"14":0,"15":0,"16":0,"17":0,"18":0,"19":0,"20":0,"21":1,"22":3,"23":1,"24":1,"25":1,"26":1,"27":1,"28":1,"29":1,"30":1,"31":1,"32":1,"33":1,"34":1,"35":1,"36":0,"37":1,"38":1,"39":1,"40":1,"41":1,"42":1,"43":1},"f":{"0":0,"1":0,"2":0,"3":0,"4":0,"5":1,"6":3,"7":1,"8":1,"9":1,"10":1,"11":1},"b":{"0":[1,1,1],"1":[1,0],"2":[0,0],"3":[0,0],"4":[1,1,1],"5":[1,0],"6":[1,1,1],"7":[1,0],"8":[1,1],"9":[0,0],"10":[0,0],"11":[0,0],"12":[1,1,1],"13":[0,3],"14":[3,3],"15":[1,0]},"inputSourceMap":{"version":3,"file":"japaFile.js","sourceRoot":"","sources":["japaFile.ts"],"names":[],"mappings":";;;;;;;;;;;;;;;;;;;;;;;;AAAA,kDAAyB;AACzB,wDAA8B;AAC9B,+BAAgC;AAChC,+BAA2B;AAC3B,4BAAyB;AACzB,4EAAiD;AAEjD,OAAO,CAAC,GAAG,CAAC,QAAQ,GAAG,SAAS,CAAA;AAChC,OAAO,CAAC,GAAG,CAAC,cAAc,GAAG,WAAI,CAAC,SAAS,CAAC,CAAA;AAC5C,4BAAgB,CAAC,OAAO,CAAC,EAAE,wBAAwB,EAAE,KAAK,EAAE,CAAC,CAAA;AAE7D,SAAS,YAAY;IACnB,IAAI,WAAW,GAAG,OAAO,CAAC,IAAI,CAAC,KAAK,CAAC,CAAC,CAAC,CAAC,CAAC,CAAC,CAAA;IAC1C,IAAI,CAAC,WAAW,EAAE;QAChB,OAAO,mBAAmB,CAAA;KAC3B;IAED,OAAO,GAAG,WAAW,CAAC,OAAO,CAAC,aAAa,EAAE,EAAE,CAAC,KAAK,CAAA;AACvD,CAAC;AAED,KAAK,UAAU,aAAa;IAC1B,MAAM,eAAK,CAAC,IAAI,CAAC,KAAK,EAAE,CAAC,eAAe,CAAC,EAAE;QACzC,KAAK,EAAE,SAAS;KACjB,CAAC,CAAA;AACJ,CAAC;AAED,KAAK,UAAU,kBAAkB;IAC/B,MAAM,eAAK,CAAC,IAAI,CAAC,KAAK,EAAE,CAAC,oBAAoB,EAAE,WAAW,CAAC,EAAE;QAC3D,KAAK,EAAE,SAAS;KACjB,CAAC,CAAA;AACJ,CAAC;AAED,KAAK,UAAU,eAAe;IAC5B,MAAM,EAAE,OAAO,EAAE,GAAG,wDAAa,kCAAkC,GAAC,CAAA;IACpE,OAAO,CAAC,GAAG,CAAC,IAAI,GAAG,MAAM,CAAC,MAAM,kBAAO,EAAE,CAAC,CAAA;IAC1C,MAAM,IAAI,OAAO,CAAC,SAAS,CAAC,CAAC,UAAU,EAAE,CAAC,KAAK,EAAE,CAAA;AACnD,CAAC;AAKD,gBAAS,CAAC;IACR,KAAK,EAAE,YAAY,EAAE;IAErB,MAAM,EAAE,CAAC,aAAa,EAAE,eAAe,CAAC;IACxC,KAAK,EAAE,CAAC,kBAAkB,CAAC;CAC5B,CAAC,CAAA","sourcesContent":["import execa from 'execa'\nimport getPort from 'get-port'\nimport { configure } from 'japa'\nimport { join } from 'path'\nimport 'reflect-metadata'\nimport sourceMapSupport from 'source-map-support'\n\nprocess.env.NODE_ENV = 'testing'\nprocess.env.ADONIS_ACE_CWD = join(__dirname)\nsourceMapSupport.install({ handleUncaughtExceptions: false })\n\nfunction getTestFiles() {\n  let userDefined = process.argv.slice(2)[0]\n  if (!userDefined) {\n    return 'test/**/*.spec.ts'\n  }\n\n  return `${userDefined.replace(/\\.ts$|\\.js$/, '')}.ts`\n}\n\nasync function runMigrations() {\n  await execa.node('ace', ['migration:run'], {\n    stdio: 'inherit',\n  })\n}\n\nasync function rollbackMigrations() {\n  await execa.node('ace', ['migration:rollback', '--batch=0'], {\n    stdio: 'inherit',\n  })\n}\n\nasync function startHttpServer() {\n  const { Ignitor } = await import('@adonisjs/core/build/src/Ignitor')\n  process.env.PORT = String(await getPort())\n  await new Ignitor(__dirname).httpServer().start()\n}\n\n/**\n * Configure test runner\n */\nconfigure({\n  files: getTestFiles(),\n  //files: ['test/**/*.spec.ts'],\n  before: [runMigrations, startHttpServer],\n  after: [rollbackMigrations],\n})\n"]},"_coverageSchema":"1a1c01bbd47fc00a2c39e90264f33305004495a9","hash":"b6df27face69b5ea19cadd38093cfcd63ce93c8e","contentHash":"14fc71231d85b877e27d8224f80b84da5c9536e14a988b2ece1339d4e2311e29"},"/home/tufe/dev/backend_cbpm/env.ts":{"path":"/home/tufe/dev/backend_cbpm/env.ts","statementMap":{"0":{"start":{"line":2,"column":22},"end":{"line":4,"column":1}},"1":{"start":{"line":3,"column":4},"end":{"line":3,"column":62}},"2":{"start":{"line":5,"column":0},"end":{"line":5,"column":62}},"3":{"start":{"line":6,"column":14},"end":{"line":6,"column":79}},"4":{"start":{"line":7,"column":0},"end":{"line":17,"column":3}}},"fnMap":{"0":{"name":"(anonymous_0)","decl":{"start":{"line":2,"column":56},"end":{"line":2,"column":57}},"loc":{"start":{"line":2,"column":71},"end":{"line":4,"column":1}},"line":2}},"branchMap":{"0":{"loc":{"start":{"line":2,"column":22},"end":{"line":4,"column":1}},"type":"binary-expr","locations":[{"start":{"line":2,"column":23},"end":{"line":2,"column":27}},{"start":{"line":2,"column":31},"end":{"line":2,"column":51}},{"start":{"line":2,"column":56},"end":{"line":4,"column":1}}],"line":2},"1":{"loc":{"start":{"line":3,"column":11},"end":{"line":3,"column":61}},"type":"cond-expr","locations":[{"start":{"line":3,"column":37},"end":{"line":3,"column":40}},{"start":{"line":3,"column":43},"end":{"line":3,"column":61}}],"line":3},"2":{"loc":{"start":{"line":3,"column":12},"end":{"line":3,"column":33}},"type":"binary-expr","locations":[{"start":{"line":3,"column":12},"end":{"line":3,"column":15}},{"start":{"line":3,"column":19},"end":{"line":3,"column":33}}],"line":3}},"s":{"0":1,"1":1,"2":1,"3":1,"4":1},"f":{"0":1},"b":{"0":[1,1,1],"1":[0,1],"2":[1,1]},"inputSourceMap":{"version":3,"file":"env.js","sourceRoot":"","sources":["env.ts"],"names":[],"mappings":";;;;;AAcA,gFAAsC;AAEtC,kBAAe,aAAG,CAAC,KAAK,CAAC;IACvB,aAAa,EAAE,aAAG,CAAC,MAAM,CAAC,MAAM,EAAE;IAElC,YAAY,EAAE,aAAG,CAAC,MAAM,CAAC,MAAM,CAAC,EAAE,MAAM,EAAE,MAAM,EAAE,CAAC;IACnD,UAAU,EAAE,aAAG,CAAC,MAAM,CAAC,MAAM,EAAE;IAC/B,UAAU,EAAE,aAAG,CAAC,MAAM,CAAC,MAAM,EAAE;IAC/B,cAAc,EAAE,aAAG,CAAC,MAAM,CAAC,MAAM,CAAC,QAAQ,EAAE;IAC5C,aAAa,EAAE,aAAG,CAAC,MAAM,CAAC,MAAM,EAAE;IAElC,OAAO,EAAE,aAAG,CAAC,MAAM,CAAC,MAAM,EAAE;IAC5B,QAAQ,EAAE,aAAG,CAAC,MAAM,CAAC,MAAM,EAAE;IAC7B,QAAQ,EAAE,aAAG,CAAC,MAAM,CAAC,IAAI,CAAC,CAAC,aAAa,EAAE,YAAY,EAAE,SAAS,CAAU,CAAC;CAC7E,CAAC,CAAA","sourcesContent":["/*\n|--------------------------------------------------------------------------\n| Validating Environment Variables\n|--------------------------------------------------------------------------\n|\n| In this file we define the rules for validating environment variables.\n| By performing validation we ensure that your application is running in\n| a stable environment with correct configuration values.\n|\n| This file is read automatically by the framework during the boot lifecycle\n| and hence do not rename or move this file to a different location.\n|\n*/\n\nimport Env from '@ioc:Adonis/Core/Env'\n\nexport default Env.rules({\n  DB_CONNECTION: Env.schema.string(),\n\n  MSSQL_SERVER: Env.schema.string({ format: 'host' }),\n  MSSQL_PORT: Env.schema.number(),\n  MSSQL_USER: Env.schema.string(),\n  MSSQL_PASSWORD: Env.schema.string.optional(),\n  MSSQL_DB_NAME: Env.schema.string(),\n\n  APP_KEY: Env.schema.string(),\n  APP_NAME: Env.schema.string(),\n  NODE_ENV: Env.schema.enum(['development', 'production', 'testing'] as const),\n})\n"]},"_coverageSchema":"1a1c01bbd47fc00a2c39e90264f33305004495a9","hash":"6857444e21fe47afba4214846a8a857fd9152b89","contentHash":"0f03a012dc52e5a2c72a336906487ab94ad67381000f897846317aa7710322d8"},"/home/tufe/dev/backend_cbpm/config/app.ts":{"path":"/home/tufe/dev/backend_cbpm/config/app.ts","statementMap":{"0":{"start":{"line":2,"column":22},"end":{"line":4,"column":1}},"1":{"start":{"line":3,"column":4},"end":{"line":3,"column":62}},"2":{"start":{"line":5,"column":0},"end":{"line":5,"column":62}},"3":{"start":{"line":6,"column":0},"end":{"line":6,"column":95}},"4":{"start":{"line":7,"column":21},"end":{"line":7,"column":59}},"5":{"start":{"line":8,"column":14},"end":{"line":8,"column":79}},"6":{"start":{"line":9,"column":0},"end":{"line":9,"column":46}},"7":{"start":{"line":10,"column":0},"end":{"line":26,"column":2}},"8":{"start":{"line":27,"column":0},"end":{"line":32,"column":2}},"9":{"start":{"line":33,"column":0},"end":{"line":37,"column":2}},"10":{"start":{"line":38,"column":0},"end":{"line":38,"column":23}}},"fnMap":{"0":{"name":"(anonymous_0)","decl":{"start":{"line":2,"column":56},"end":{"line":2,"column":57}},"loc":{"start":{"line":2,"column":71},"end":{"line":4,"column":1}},"line":2}},"branchMap":{"0":{"loc":{"start":{"line":2,"column":22},"end":{"line":4,"column":1}},"type":"binary-expr","locations":[{"start":{"line":2,"column":23},"end":{"line":2,"column":27}},{"start":{"line":2,"column":31},"end":{"line":2,"column":51}},{"start":{"line":2,"column":56},"end":{"line":4,"column":1}}],"line":2},"1":{"loc":{"start":{"line":3,"column":11},"end":{"line":3,"column":61}},"type":"cond-expr","locations":[{"start":{"line":3,"column":37},"end":{"line":3,"column":40}},{"start":{"line":3,"column":43},"end":{"line":3,"column":61}}],"line":3},"2":{"loc":{"start":{"line":3,"column":12},"end":{"line":3,"column":33}},"type":"binary-expr","locations":[{"start":{"line":3,"column":12},"end":{"line":3,"column":15}},{"start":{"line":3,"column":19},"end":{"line":3,"column":33}}],"line":3}},"s":{"0":1,"1":2,"2":1,"3":1,"4":1,"5":1,"6":1,"7":1,"8":1,"9":1,"10":1},"f":{"0":2},"b":{"0":[1,1,1],"1":[0,2],"2":[2,2]},"inputSourceMap":{"version":3,"file":"app.js","sourceRoot":"","sources":["app.ts"],"names":[],"mappings":";;;;;;AAOA,4DAAkC;AAClC,gFAAsC;AAmBzB,QAAA,MAAM,GAAW,aAAG,CAAC,GAAG,CAAC,SAAS,CAAC,CAAA;AAWnC,QAAA,IAAI,GAAiB;IAYhC,mBAAmB,EAAE,KAAK;IAO1B,eAAe,EAAE,CAAC;IAWlB,iBAAiB,EAAE,KAAK;IAWxB,UAAU,EAAE,oBAAS,CAAC,OAAO,CAAC,UAAU,CAAC;IAUzC,IAAI,EAAE,KAAK;IAOX,iBAAiB,EAAE,UAAU;IAO7B,MAAM,EAAE;QACN,MAAM,EAAE,EAAE;QACV,IAAI,EAAE,GAAG;QACT,MAAM,EAAE,IAAI;QACZ,QAAQ,EAAE,IAAI;QACd,MAAM,EAAE,KAAK;QACb,QAAQ,EAAE,KAAK;KAChB;IAkBD,yBAAyB,EAAE,kBAAkB;CAC9C,CAAA;AAOY,QAAA,MAAM,GAAiB;IAalC,IAAI,EAAE,aAAG,CAAC,GAAG,CAAC,UAAU,CAAC;IAUzB,OAAO,EAAE,IAAI;IAYb,KAAK,EAAE,aAAG,CAAC,GAAG,CAAC,WAAW,EAAE,MAAM,CAAC;IAWnC,WAAW,EAAE,aAAG,CAAC,GAAG,CAAC,UAAU,CAAC,KAAK,aAAa;CACnD,CAAA;AAOY,QAAA,QAAQ,GAAmB;IAStC,OAAO,EAAE,IAAI;IAWb,SAAS,EAAE,EAAE;IAWb,SAAS,EAAE,EAAE;CACd,CAAA;AAWY,QAAA,SAAS,GAAoB,EAAE,CAAA","sourcesContent":["/**\n * Config source: https://git.io/JfefZ\n *\n * Feel free to let us know via PR, if you find something broken in this config\n * file.\n */\n\nimport proxyAddr from 'proxy-addr'\nimport Env from '@ioc:Adonis/Core/Env'\nimport { ServerConfig } from '@ioc:Adonis/Core/Server'\nimport { LoggerConfig } from '@ioc:Adonis/Core/Logger'\nimport { ProfilerConfig } from '@ioc:Adonis/Core/Profiler'\nimport { ValidatorConfig } from '@ioc:Adonis/Core/Validator'\n\n/*\n|--------------------------------------------------------------------------\n| Application secret key\n|--------------------------------------------------------------------------\n|\n| The secret to encrypt and sign different values in your application.\n| Make sure to keep the `APP_KEY` as an environment variable and secure.\n|\n| Note: Changing the application key for an existing app will make all\n| the cookies invalid and also the existing encrypted data will not\n| be decrypted.\n|\n*/\nexport const appKey: string = Env.get('APP_KEY')\n\n/*\n|--------------------------------------------------------------------------\n| Http server configuration\n|--------------------------------------------------------------------------\n|\n| The configuration for the HTTP(s) server. Make sure to go through all\n| the config properties to make keep server secure.\n|\n*/\nexport const http: ServerConfig = {\n  /*\n  |--------------------------------------------------------------------------\n  | Allow method spoofing\n  |--------------------------------------------------------------------------\n  |\n  | Method spoofing enables defining custom HTTP methods using a query string\n  | `_method`. This is usually required when you are making traditional\n  | form requests and wants to use HTTP verbs like `PUT`, `DELETE` and\n  | so on.\n  |\n  */\n  allowMethodSpoofing: false,\n\n  /*\n  |--------------------------------------------------------------------------\n  | Subdomain offset\n  |--------------------------------------------------------------------------\n  */\n  subdomainOffset: 2,\n\n  /*\n  |--------------------------------------------------------------------------\n  | Request Ids\n  |--------------------------------------------------------------------------\n  |\n  | Setting this value to `true` will generate a unique request id for each\n  | HTTP request and set it as `x-request-id` header.\n  |\n  */\n  generateRequestId: false,\n\n  /*\n  |--------------------------------------------------------------------------\n  | Trusting proxy servers\n  |--------------------------------------------------------------------------\n  |\n  | Define the proxy servers that AdonisJs must trust for reading `X-Forwarded`\n  | headers.\n  |\n  */\n  trustProxy: proxyAddr.compile('loopback'),\n\n  /*\n  |--------------------------------------------------------------------------\n  | Generating Etag\n  |--------------------------------------------------------------------------\n  |\n  | Whether or not to generate an etag for every response.\n  |\n  */\n  etag: false,\n\n  /*\n  |--------------------------------------------------------------------------\n  | JSONP Callback\n  |--------------------------------------------------------------------------\n  */\n  jsonpCallbackName: 'callback',\n\n  /*\n  |--------------------------------------------------------------------------\n  | Cookie settings\n  |--------------------------------------------------------------------------\n  */\n  cookie: {\n    domain: '',\n    path: '/',\n    maxAge: '2h',\n    httpOnly: true,\n    secure: false,\n    sameSite: false,\n  },\n\n  /*\n  |--------------------------------------------------------------------------\n  | Force Content Negotiation\n  |--------------------------------------------------------------------------\n  |\n  | The internals of the framework relies on the content negotiation to\n  | detect the best possible response type for a given HTTP request.\n  |\n  | However, it is a very common these days that API servers always wants to\n  | make response in JSON regardless of the existence of the `Accept` header.\n  |\n  | By setting `forceContentNegotiationTo = 'application/json'`, you negotiate\n  | with the server in advance to always return JSON without relying on the\n  | client to set the header explicitly.\n  |\n  */\n  forceContentNegotiationTo: 'application/json',\n}\n\n/*\n|--------------------------------------------------------------------------\n| Logger\n|--------------------------------------------------------------------------\n*/\nexport const logger: LoggerConfig = {\n  /*\n  |--------------------------------------------------------------------------\n  | Application name\n  |--------------------------------------------------------------------------\n  |\n  | The name of the application you want to add to the log. It is recommended\n  | to always have app name in every log line.\n  |\n  | The `APP_NAME` environment variable is automatically set by AdonisJS by\n  | reading the `name` property from the `package.json` file.\n  |\n  */\n  name: Env.get('APP_NAME'),\n\n  /*\n  |--------------------------------------------------------------------------\n  | Toggle logger\n  |--------------------------------------------------------------------------\n  |\n  | Enable or disable logger application wide\n  |\n  */\n  enabled: true,\n\n  /*\n  |--------------------------------------------------------------------------\n  | Logging level\n  |--------------------------------------------------------------------------\n  |\n  | The level from which you want the logger to flush logs. It is recommended\n  | to make use of the environment variable, so that you can define log levels\n  | at deployment level and not code level.\n  |\n  */\n  level: Env.get('LOG_LEVEL', 'info'),\n\n  /*\n  |--------------------------------------------------------------------------\n  | Pretty print\n  |--------------------------------------------------------------------------\n  |\n  | It is highly advised NOT to use `prettyPrint` in production, since it\n  | can have huge impact on performance.\n  |\n  */\n  prettyPrint: Env.get('NODE_ENV') === 'development',\n}\n\n/*\n|--------------------------------------------------------------------------\n| Profiler\n|--------------------------------------------------------------------------\n*/\nexport const profiler: ProfilerConfig = {\n  /*\n  |--------------------------------------------------------------------------\n  | Toggle profiler\n  |--------------------------------------------------------------------------\n  |\n  | Enable or disable profiler\n  |\n  */\n  enabled: true,\n\n  /*\n  |--------------------------------------------------------------------------\n  | Blacklist actions/row labels\n  |--------------------------------------------------------------------------\n  |\n  | Define an array of actions or row labels that you want to disable from\n  | getting profiled.\n  |\n  */\n  blacklist: [],\n\n  /*\n  |--------------------------------------------------------------------------\n  | Whitelist actions/row labels\n  |--------------------------------------------------------------------------\n  |\n  | Define an array of actions or row labels that you want to whitelist for\n  | the profiler. When whitelist is defined, then `blacklist` is ignored.\n  |\n  */\n  whitelist: [],\n}\n\n/*\n|--------------------------------------------------------------------------\n| Validator\n|--------------------------------------------------------------------------\n|\n| Configure the global configuration for the validator. Here's the reference\n| to the default config https://git.io/JT0WE\n|\n*/\nexport const validator: ValidatorConfig = {}\n"]},"_coverageSchema":"1a1c01bbd47fc00a2c39e90264f33305004495a9","hash":"108f5b81cb14991c5172de085748d39c6bd2c33c","contentHash":"506901bd7e7cf09055e80f7a195c776ec01fa469122faf7eb79c2e2b6dcad0ab"},"/home/tufe/dev/backend_cbpm/config/auth.ts":{"path":"/home/tufe/dev/backend_cbpm/config/auth.ts","statementMap":{"0":{"start":{"line":2,"column":22},"end":{"line":8,"column":3}},"1":{"start":{"line":3,"column":4},"end":{"line":3,"column":33}},"2":{"start":{"line":3,"column":26},"end":{"line":3,"column":33}},"3":{"start":{"line":4,"column":4},"end":{"line":4,"column":89}},"4":{"start":{"line":4,"column":71},"end":{"line":4,"column":83}},"5":{"start":{"line":6,"column":4},"end":{"line":6,"column":33}},"6":{"start":{"line":6,"column":26},"end":{"line":6,"column":33}},"7":{"start":{"line":7,"column":4},"end":{"line":7,"column":17}},"8":{"start":{"line":9,"column":25},"end":{"line":13,"column":2}},"9":{"start":{"line":10,"column":4},"end":{"line":10,"column":72}},"10":{"start":{"line":12,"column":4},"end":{"line":12,"column":21}},"11":{"start":{"line":14,"column":19},"end":{"line":20,"column":1}},"12":{"start":{"line":15,"column":4},"end":{"line":15,"column":42}},"13":{"start":{"line":15,"column":31},"end":{"line":15,"column":42}},"14":{"start":{"line":16,"column":17},"end":{"line":16,"column":19}},"15":{"start":{"line":17,"column":4},"end":{"line":17,"column":141}},"16":{"start":{"line":17,"column":21},"end":{"line":17,"column":141}},"17":{"start":{"line":17,"column":40},"end":{"line":17,"column":141}},"18":{"start":{"line":17,"column":109},"end":{"line":17,"column":141}},"19":{"start":{"line":18,"column":4},"end":{"line":18,"column":36}},"20":{"start":{"line":19,"column":4},"end":{"line":19,"column":18}},"21":{"start":{"line":21,"column":0},"end":{"line":21,"column":62}},"22":{"start":{"line":22,"column":19},"end":{"line":41,"column":1}},"23":{"start":{"line":37,"column":29},"end":{"line":37,"column":134}},"24":{"start":{"line":37,"column":58},"end":{"line":37,"column":133}},"25":{"start":{"line":42,"column":0},"end":{"line":42,"column":29}}},"fnMap":{"0":{"name":"(anonymous_0)","decl":{"start":{"line":2,"column":74},"end":{"line":2,"column":75}},"loc":{"start":{"line":2,"column":96},"end":{"line":5,"column":1}},"line":2},"1":{"name":"(anonymous_1)","decl":{"start":{"line":4,"column":58},"end":{"line":4,"column":59}},"loc":{"start":{"line":4,"column":69},"end":{"line":4,"column":85}},"line":4},"2":{"name":"(anonymous_2)","decl":{"start":{"line":5,"column":6},"end":{"line":5,"column":7}},"loc":{"start":{"line":5,"column":28},"end":{"line":8,"column":1}},"line":5},"3":{"name":"(anonymous_3)","decl":{"start":{"line":9,"column":80},"end":{"line":9,"column":81}},"loc":{"start":{"line":9,"column":95},"end":{"line":11,"column":1}},"line":9},"4":{"name":"(anonymous_4)","decl":{"start":{"line":11,"column":5},"end":{"line":11,"column":6}},"loc":{"start":{"line":11,"column":20},"end":{"line":13,"column":1}},"line":11},"5":{"name":"(anonymous_5)","decl":{"start":{"line":14,"column":50},"end":{"line":14,"column":51}},"loc":{"start":{"line":14,"column":65},"end":{"line":20,"column":1}},"line":14},"6":{"name":"(anonymous_6)","decl":{"start":{"line":37,"column":23},"end":{"line":37,"column":24}},"loc":{"start":{"line":37,"column":29},"end":{"line":37,"column":134}},"line":37},"7":{"name":"(anonymous_7)","decl":{"start":{"line":37,"column":52},"end":{"line":37,"column":53}},"loc":{"start":{"line":37,"column":58},"end":{"line":37,"column":133}},"line":37}},"branchMap":{"0":{"loc":{"start":{"line":2,"column":22},"end":{"line":8,"column":3}},"type":"binary-expr","locations":[{"start":{"line":2,"column":23},"end":{"line":2,"column":27}},{"start":{"line":2,"column":31},"end":{"line":2,"column":51}},{"start":{"line":2,"column":57},"end":{"line":8,"column":2}}],"line":2},"1":{"loc":{"start":{"line":2,"column":57},"end":{"line":8,"column":2}},"type":"cond-expr","locations":[{"start":{"line":2,"column":74},"end":{"line":5,"column":1}},{"start":{"line":5,"column":6},"end":{"line":8,"column":1}}],"line":2},"2":{"loc":{"start":{"line":3,"column":4},"end":{"line":3,"column":33}},"type":"if","locations":[{"start":{"line":3,"column":4},"end":{"line":3,"column":33}},{"start":{"line":3,"column":4},"end":{"line":3,"column":33}}],"line":3},"3":{"loc":{"start":{"line":6,"column":4},"end":{"line":6,"column":33}},"type":"if","locations":[{"start":{"line":6,"column":4},"end":{"line":6,"column":33}},{"start":{"line":6,"column":4},"end":{"line":6,"column":33}}],"line":6},"4":{"loc":{"start":{"line":9,"column":25},"end":{"line":13,"column":2}},"type":"binary-expr","locations":[{"start":{"line":9,"column":26},"end":{"line":9,"column":30}},{"start":{"line":9,"column":34},"end":{"line":9,"column":57}},{"start":{"line":9,"column":63},"end":{"line":13,"column":1}}],"line":9},"5":{"loc":{"start":{"line":9,"column":63},"end":{"line":13,"column":1}},"type":"cond-expr","locations":[{"start":{"line":9,"column":80},"end":{"line":11,"column":1}},{"start":{"line":11,"column":5},"end":{"line":13,"column":1}}],"line":9},"6":{"loc":{"start":{"line":14,"column":19},"end":{"line":20,"column":1}},"type":"binary-expr","locations":[{"start":{"line":14,"column":20},"end":{"line":14,"column":24}},{"start":{"line":14,"column":28},"end":{"line":14,"column":45}},{"start":{"line":14,"column":50},"end":{"line":20,"column":1}}],"line":14},"7":{"loc":{"start":{"line":15,"column":4},"end":{"line":15,"column":42}},"type":"if","locations":[{"start":{"line":15,"column":4},"end":{"line":15,"column":42}},{"start":{"line":15,"column":4},"end":{"line":15,"column":42}}],"line":15},"8":{"loc":{"start":{"line":15,"column":8},"end":{"line":15,"column":29}},"type":"binary-expr","locations":[{"start":{"line":15,"column":8},"end":{"line":15,"column":11}},{"start":{"line":15,"column":15},"end":{"line":15,"column":29}}],"line":15},"9":{"loc":{"start":{"line":17,"column":4},"end":{"line":17,"column":141}},"type":"if","locations":[{"start":{"line":17,"column":4},"end":{"line":17,"column":141}},{"start":{"line":17,"column":4},"end":{"line":17,"column":141}}],"line":17},"10":{"loc":{"start":{"line":17,"column":40},"end":{"line":17,"column":141}},"type":"if","locations":[{"start":{"line":17,"column":40},"end":{"line":17,"column":141}},{"start":{"line":17,"column":40},"end":{"line":17,"column":141}}],"line":17},"11":{"loc":{"start":{"line":17,"column":44},"end":{"line":17,"column":107}},"type":"binary-expr","locations":[{"start":{"line":17,"column":44},"end":{"line":17,"column":59}},{"start":{"line":17,"column":63},"end":{"line":17,"column":107}}],"line":17}},"s":{"0":1,"1":0,"2":0,"3":0,"4":0,"5":0,"6":0,"7":0,"8":1,"9":0,"10":0,"11":1,"12":0,"13":0,"14":0,"15":0,"16":0,"17":0,"18":0,"19":0,"20":0,"21":1,"22":1,"23":0,"24":0,"25":1},"f":{"0":0,"1":0,"2":0,"3":0,"4":0,"5":0,"6":0,"7":0},"b":{"0":[1,1,1],"1":[1,0],"2":[0,0],"3":[0,0],"4":[1,1,1],"5":[1,0],"6":[1,1,1],"7":[0,0],"8":[0,0],"9":[0,0],"10":[0,0],"11":[0,0]},"inputSourceMap":{"version":3,"file":"auth.js","sourceRoot":"","sources":["auth.ts"],"names":[],"mappings":";;;;;;;;;;;;;;;;;;;;;AAkBA,MAAM,UAAU,GAAe;IAC7B,KAAK,EAAE,KAAK;IACZ,MAAM,EAAE;QAcN,GAAG,EAAE;YACH,MAAM,EAAE,KAAK;YAeb,aAAa,EAAE;gBACb,IAAI,EAAE,KAAK;gBACX,MAAM,EAAE,OAAO;gBACf,eAAe,EAAE,OAAO;gBACxB,UAAU,EAAE,SAAS;aACtB;YAED,QAAQ,EAAE;gBASR,MAAM,EAAE,OAAO;gBAWf,aAAa,EAAE,IAAI;gBAYnB,IAAI,EAAE,CAAC,OAAO,CAAC;gBAaf,KAAK,EAAE,GAAG,EAAE,yEAAQ,8BAA8B,GAAC;aACpD;SACF;KACF;CACF,CAAA;AAED,kBAAe,UAAU,CAAA","sourcesContent":["/**\n * Config source: https://git.io/JY0mp\n *\n * Feel free to let us know via PR, if you find something broken in this config\n * file.\n */\n\nimport { AuthConfig } from '@ioc:Adonis/Addons/Auth'\n\n/*\n|--------------------------------------------------------------------------\n| Authentication Mapping\n|--------------------------------------------------------------------------\n|\n| List of available authentication mapping. You must first define them\n| inside the `contracts/auth.ts` file before mentioning them here.\n|\n*/\nconst authConfig: AuthConfig = {\n  guard: 'api',\n  guards: {\n    /*\n    |--------------------------------------------------------------------------\n    | OAT Guard\n    |--------------------------------------------------------------------------\n    |\n    | OAT (Opaque access tokens) guard uses database backed tokens to authenticate\n    | HTTP request. This guard DOES NOT rely on sessions or cookies and uses\n    | Authorization header value for authentication.\n    |\n    | Use this guard to authenticate mobile apps or web clients that cannot rely\n    | on cookies/sessions.\n    |\n    */\n    api: {\n      driver: 'oat',\n\n      /*\n      |--------------------------------------------------------------------------\n      | Tokens provider\n      |--------------------------------------------------------------------------\n      |\n      | Uses SQL database for managing tokens. Use the \"database\" driver, when\n      | tokens are the secondary mode of authentication.\n      | For example: The Github personal tokens\n      |\n      | The foreignKey column is used to make the relationship between the user\n      | and the token. You are free to use any column name here.\n      |\n      */\n      tokenProvider: {\n        type: 'api',\n        driver: 'redis',\n        redisConnection: 'local',\n        foreignKey: 'user_id',\n      },\n\n      provider: {\n        /*\n        |--------------------------------------------------------------------------\n        | Driver\n        |--------------------------------------------------------------------------\n        |\n        | Name of the driver\n        |\n        */\n        driver: 'lucid',\n\n        /*\n        |--------------------------------------------------------------------------\n        | Identifier key\n        |--------------------------------------------------------------------------\n        |\n        | The identifier key is the unique key on the model. In most cases specifying\n        | the primary key is the right choice.\n        |\n        */\n        identifierKey: 'id',\n\n        /*\n        |--------------------------------------------------------------------------\n        | Uids\n        |--------------------------------------------------------------------------\n        |\n        | Uids are used to search a user against one of the mentioned columns. During\n        | login, the auth module will search the user mentioned value against one\n        | of the mentioned columns to find their user record.\n        |\n        */\n        uids: ['email'],\n\n        /*\n        |--------------------------------------------------------------------------\n        | Model\n        |--------------------------------------------------------------------------\n        |\n        | The model to use for fetching or finding users. The model is imported\n        | lazily since the config files are read way earlier in the lifecycle\n        | of booting the app and the models may not be in a usable state at\n        | that time.\n        |\n        */\n        model: () => import('App/Models/UsuarioPortalCBPM'),\n      },\n    },\n  },\n}\n\nexport default authConfig\n"]},"_coverageSchema":"1a1c01bbd47fc00a2c39e90264f33305004495a9","hash":"e1aa82f4a45c05029eabe5d1c95674b2c14be399","contentHash":"2c31b4079a569cc470633c3f90a33d0b0d32ca9343f7986e1222621ca256fc0f"},"/home/tufe/dev/backend_cbpm/config/bodyparser.ts":{"path":"/home/tufe/dev/backend_cbpm/config/bodyparser.ts","statementMap":{"0":{"start":{"line":2,"column":0},"end":{"line":2,"column":62}},"1":{"start":{"line":3,"column":25},"end":{"line":38,"column":1}},"2":{"start":{"line":39,"column":0},"end":{"line":39,"column":35}}},"fnMap":{},"branchMap":{},"s":{"0":1,"1":1,"2":1},"f":{},"b":{},"inputSourceMap":{"version":3,"file":"bodyparser.js","sourceRoot":"","sources":["bodyparser.ts"],"names":[],"mappings":";;AASA,MAAM,gBAAgB,GAAqB;IAUzC,kBAAkB,EAAE,CAAC,MAAM,EAAE,KAAK,EAAE,OAAO,EAAE,QAAQ,CAAC;IAWtD,IAAI,EAAE;QACJ,QAAQ,EAAE,OAAO;QACjB,KAAK,EAAE,KAAK;QACZ,MAAM,EAAE,IAAI;QACZ,KAAK,EAAE;YACL,kBAAkB;YAClB,6BAA6B;YAC7B,0BAA0B;YAC1B,wBAAwB;SACzB;KACF;IAWD,IAAI,EAAE;QACJ,QAAQ,EAAE,OAAO;QACjB,KAAK,EAAE,KAAK;QACZ,WAAW,EAAE,EAAE;QAYf,yBAAyB,EAAE,IAAI;QAE/B,KAAK,EAAE,CAAC,mCAAmC,CAAC;KAC7C;IAYD,GAAG,EAAE;QACH,QAAQ,EAAE,OAAO;QACjB,KAAK,EAAE,KAAK;QACZ,WAAW,EAAE,EAAE;QACf,KAAK,EAAE,CAAC,QAAQ,CAAC;KAClB;IAWD,SAAS,EAAE;QAcT,WAAW,EAAE,IAAI;QAsBjB,eAAe,EAAE,EAAE;QAuBnB,QAAQ,EAAE,OAAO;QAYjB,yBAAyB,EAAE,IAAI;QAW/B,SAAS,EAAE,IAAI;QAWf,KAAK,EAAE,OAAO;QAUd,KAAK,EAAE,CAAC,qBAAqB,CAAC;KAC/B;CACF,CAAA;AAED,kBAAe,gBAAgB,CAAA","sourcesContent":["/**\n * Config source: https://git.io/Jfefn\n *\n * Feel free to let us know via PR, if you find something broken in this config\n * file.\n */\n\nimport { BodyParserConfig } from '@ioc:Adonis/Core/BodyParser'\n\nconst bodyParserConfig: BodyParserConfig = {\n  /*\n  |--------------------------------------------------------------------------\n  | White listed methods\n  |--------------------------------------------------------------------------\n  |\n  | HTTP methods for which body parsing must be performed. It is a good practice\n  | to avoid body parsing for `GET` requests.\n  |\n  */\n  whitelistedMethods: ['POST', 'PUT', 'PATCH', 'DELETE'],\n\n  /*\n  |--------------------------------------------------------------------------\n  | JSON parser settings\n  |--------------------------------------------------------------------------\n  |\n  | The settings for the JSON parser. The types defines the request content\n  | types which gets processed by the JSON parser.\n  |\n  */\n  json: {\n    encoding: 'utf-8',\n    limit: '1mb',\n    strict: true,\n    types: [\n      'application/json',\n      'application/json-patch+json',\n      'application/vnd.api+json',\n      'application/csp-report',\n    ],\n  },\n\n  /*\n  |--------------------------------------------------------------------------\n  | Form parser settings\n  |--------------------------------------------------------------------------\n  |\n  | The settings for the `application/x-www-form-urlencoded` parser. The types\n  | defines the request content types which gets processed by the form parser.\n  |\n  */\n  form: {\n    encoding: 'utf-8',\n    limit: '1mb',\n    queryString: {},\n\n    /*\n    |--------------------------------------------------------------------------\n    | Convert empty strings to null\n    |--------------------------------------------------------------------------\n    |\n    | Convert empty form fields to null. HTML forms results in field string\n    | value when the field is left blank. This option normalizes all the blank\n    | field values to \"null\"\n    |\n    */\n    convertEmptyStringsToNull: true,\n\n    types: ['application/x-www-form-urlencoded'],\n  },\n\n  /*\n  |--------------------------------------------------------------------------\n  | Raw body parser settings\n  |--------------------------------------------------------------------------\n  |\n  | Raw body just reads the request body stream as a plain text, which you\n  | can process by hand. This must be used when request body type is not\n  | supported by the body parser.\n  |\n  */\n  raw: {\n    encoding: 'utf-8',\n    limit: '1mb',\n    queryString: {},\n    types: ['text/*'],\n  },\n\n  /*\n  |--------------------------------------------------------------------------\n  | Multipart parser settings\n  |--------------------------------------------------------------------------\n  |\n  | The settings for the `multipart/form-data` parser. The types defines the\n  | request content types which gets processed by the form parser.\n  |\n  */\n  multipart: {\n    /*\n    |--------------------------------------------------------------------------\n    | Auto process\n    |--------------------------------------------------------------------------\n    |\n    | The auto process option will process uploaded files and writes them to\n    | the `tmp` folder. You can turn it off and then manually use the stream\n    | to pipe stream to a different destination.\n    |\n    | It is recommended to keep `autoProcess=true`. Unless you are processing bigger\n    | file sizes.\n    |\n    */\n    autoProcess: true,\n\n    /*\n    |--------------------------------------------------------------------------\n    | Files to be processed manually\n    |--------------------------------------------------------------------------\n    |\n    | You can turn off `autoProcess` for certain routes by defining\n    | routes inside the following array.\n    |\n    | NOTE: Make sure the route pattern starts with a leading slash.\n    |\n    | Correct\n    | ```js\n    | /projects/:id/file\n    | ```\n    |\n    | Incorrect\n    | ```js\n    | projects/:id/file\n    | ```\n    */\n    processManually: [],\n\n    /*\n    |--------------------------------------------------------------------------\n    | Temporary file name\n    |--------------------------------------------------------------------------\n    |\n    | When auto processing is on. We will use this method to compute the temporary\n    | file name. AdonisJs will compute a unique `tmpPath` for you automatically,\n    | However, you can also define your own custom method.\n    |\n    */\n    // tmpFileName () {\n    // },\n\n    /*\n    |--------------------------------------------------------------------------\n    | Encoding\n    |--------------------------------------------------------------------------\n    |\n    | Request body encoding\n    |\n    */\n    encoding: 'utf-8',\n\n    /*\n    |--------------------------------------------------------------------------\n    | Convert empty strings to null\n    |--------------------------------------------------------------------------\n    |\n    | Convert empty form fields to null. HTML forms results in field string\n    | value when the field is left blank. This option normalizes all the blank\n    | field values to \"null\"\n    |\n    */\n    convertEmptyStringsToNull: true,\n\n    /*\n    |--------------------------------------------------------------------------\n    | Max Fields\n    |--------------------------------------------------------------------------\n    |\n    | The maximum number of fields allowed in the request body. The field includes\n    | text inputs and files both.\n    |\n    */\n    maxFields: 1000,\n\n    /*\n    |--------------------------------------------------------------------------\n    | Request body limit\n    |--------------------------------------------------------------------------\n    |\n    | The total limit to the multipart body. This includes all request files\n    | and fields data.\n    |\n    */\n    limit: '100mb',\n\n    /*\n    |--------------------------------------------------------------------------\n    | Types\n    |--------------------------------------------------------------------------\n    |\n    | The types that will be considered and parsed as multipart body.\n    |\n    */\n    types: ['multipart/form-data'],\n  },\n}\n\nexport default bodyParserConfig\n"]},"_coverageSchema":"1a1c01bbd47fc00a2c39e90264f33305004495a9","hash":"b6b6f312be151653810d13059a58638b44593f79","contentHash":"1c7a64e187697747b5d5d8f406d14cbae752852fbcdd259e9130dbf03f7cf67d"},"/home/tufe/dev/backend_cbpm/config/cors.ts":{"path":"/home/tufe/dev/backend_cbpm/config/cors.ts","statementMap":{"0":{"start":{"line":2,"column":0},"end":{"line":2,"column":62}},"1":{"start":{"line":3,"column":19},"end":{"line":18,"column":1}},"2":{"start":{"line":19,"column":0},"end":{"line":19,"column":29}}},"fnMap":{},"branchMap":{},"s":{"0":1,"1":1,"2":1},"f":{},"b":{},"inputSourceMap":{"version":3,"file":"cors.js","sourceRoot":"","sources":["cors.ts"],"names":[],"mappings":";;AASA,MAAM,UAAU,GAAe;IAa7B,OAAO,EAAE,IAAI;IAwBb,MAAM,EAAE,IAAI;IAYZ,OAAO,EAAE,CAAC,KAAK,EAAE,MAAM,EAAE,MAAM,EAAE,KAAK,EAAE,QAAQ,CAAC;IAmBjD,OAAO,EAAE,IAAI;IAsBb,aAAa,EAAE;QACb,eAAe;QACf,kBAAkB;QAClB,cAAc;QACd,SAAS;QACT,eAAe;QACf,QAAQ;KACT;IAaD,WAAW,EAAE,IAAI;IAWjB,MAAM,EAAE,EAAE;CACX,CAAA;AAED,kBAAe,UAAU,CAAA","sourcesContent":["/**\n * Config source: https://git.io/JfefC\n *\n * Feel free to let us know via PR, if you find something broken in this config\n * file.\n */\n\nimport { CorsConfig } from '@ioc:Adonis/Core/Cors'\n\nconst corsConfig: CorsConfig = {\n  /*\n  |--------------------------------------------------------------------------\n  | Enabled\n  |--------------------------------------------------------------------------\n  |\n  | A boolean to enable or disable CORS integration from your AdonisJs\n  | application.\n  |\n  | Setting the value to `true` will enable the CORS for all HTTP request. However,\n  | you can define a function to enable/disable it on per request basis as well.\n  |\n  */\n  enabled: true,\n\n  // You can also use a function that return true or false.\n  // enabled: (request) => request.url().startsWith('/api')\n\n  /*\n  |--------------------------------------------------------------------------\n  | Origin\n  |--------------------------------------------------------------------------\n  |\n  | Set a list of origins to be allowed for `Access-Control-Allow-Origin`.\n  | The value can be one of the following:\n  |\n  | https://developer.mozilla.org/en-US/docs/Web/HTTP/Headers/Access-Control-Allow-Origin\n  |\n  | Boolean (true)    - Allow current request origin.\n  | Boolean (false)   - Disallow all.\n  | String            - Comma separated list of allowed origins.\n  | Array             - An array of allowed origins.\n  | String (*)        - A wildcard (*) to allow all request origins.\n  | Function          - Receives the current origin string and should return\n  |                     one of the above values.\n  |\n  */\n  origin: true,\n\n  /*\n  |--------------------------------------------------------------------------\n  | Methods\n  |--------------------------------------------------------------------------\n  |\n  | An array of allowed HTTP methods for CORS. The `Access-Control-Request-Method`\n  | is checked against the following list.\n  |\n  | Following is the list of default methods. Feel free to add more.\n  */\n  methods: ['GET', 'HEAD', 'POST', 'PUT', 'DELETE'],\n\n  /*\n  |--------------------------------------------------------------------------\n  | Headers\n  |--------------------------------------------------------------------------\n  |\n  | List of headers to be allowed for `Access-Control-Allow-Headers` header.\n  | The value can be one of the following:\n  |\n  | https://developer.mozilla.org/en-US/docs/Web/HTTP/Headers/Access-Control-Request-Headers\n  |\n  | Boolean(true)     - Allow all headers mentioned in `Access-Control-Request-Headers`.\n  | Boolean(false)    - Disallow all headers.\n  | String            - Comma separated list of allowed headers.\n  | Array             - An array of allowed headers.\n  | Function          - Receives the current header and should return one of the above values.\n  |\n  */\n  headers: true,\n\n  /*\n  |--------------------------------------------------------------------------\n  | Expose Headers\n  |--------------------------------------------------------------------------\n  |\n  | A list of headers to be exposed by setting `Access-Control-Expose-Headers`.\n  | header. By default following 6 simple response headers are exposed.\n  |\n  | Cache-Control\n  | Content-Language\n  | Content-Type\n  | Expires\n  | Last-Modified\n  | Pragma\n  |\n  | In order to add more headers, simply define them inside the following array.\n  |\n  | https://developer.mozilla.org/en-US/docs/Web/HTTP/Headers/Access-Control-Expose-Headers\n  |\n  */\n  exposeHeaders: [\n    'cache-control',\n    'content-language',\n    'content-type',\n    'expires',\n    'last-modified',\n    'pragma',\n  ],\n\n  /*\n  |--------------------------------------------------------------------------\n  | Credentials\n  |--------------------------------------------------------------------------\n  |\n  | Toggle `Access-Control-Allow-Credentials` header. If value is set to `true`,\n  | then header will be set, otherwise not.\n  |\n  | https://developer.mozilla.org/en-US/docs/Web/HTTP/Headers/Access-Control-Allow-Credentials\n  |\n  */\n  credentials: true,\n\n  /*\n  |--------------------------------------------------------------------------\n  | MaxAge\n  |--------------------------------------------------------------------------\n  |\n  | Define `Access-Control-Max-Age` header in seconds.\n  | https://developer.mozilla.org/en-US/docs/Web/HTTP/Headers/Access-Control-Max-Age\n  |\n  */\n  maxAge: 90,\n}\n\nexport default corsConfig\n"]},"_coverageSchema":"1a1c01bbd47fc00a2c39e90264f33305004495a9","hash":"3e628bcfaeec55e8bc54367d579e56fddea002b1","contentHash":"1c43f1359298b85d9c7a10d5b01f7da6ae7b45c5e06773a0bd60c06125efb3cf"},"/home/tufe/dev/backend_cbpm/config/database.ts":{"path":"/home/tufe/dev/backend_cbpm/config/database.ts","statementMap":{"0":{"start":{"line":2,"column":22},"end":{"line":4,"column":1}},"1":{"start":{"line":3,"column":4},"end":{"line":3,"column":62}},"2":{"start":{"line":5,"column":0},"end":{"line":5,"column":62}},"3":{"start":{"line":6,"column":14},"end":{"line":6,"column":79}},"4":{"start":{"line":7,"column":23},"end":{"line":26,"column":1}},"5":{"start":{"line":27,"column":0},"end":{"line":27,"column":33}}},"fnMap":{"0":{"name":"(anonymous_0)","decl":{"start":{"line":2,"column":56},"end":{"line":2,"column":57}},"loc":{"start":{"line":2,"column":71},"end":{"line":4,"column":1}},"line":2}},"branchMap":{"0":{"loc":{"start":{"line":2,"column":22},"end":{"line":4,"column":1}},"type":"binary-expr","locations":[{"start":{"line":2,"column":23},"end":{"line":2,"column":27}},{"start":{"line":2,"column":31},"end":{"line":2,"column":51}},{"start":{"line":2,"column":56},"end":{"line":4,"column":1}}],"line":2},"1":{"loc":{"start":{"line":3,"column":11},"end":{"line":3,"column":61}},"type":"cond-expr","locations":[{"start":{"line":3,"column":37},"end":{"line":3,"column":40}},{"start":{"line":3,"column":43},"end":{"line":3,"column":61}}],"line":3},"2":{"loc":{"start":{"line":3,"column":12},"end":{"line":3,"column":33}},"type":"binary-expr","locations":[{"start":{"line":3,"column":12},"end":{"line":3,"column":15}},{"start":{"line":3,"column":19},"end":{"line":3,"column":33}}],"line":3}},"s":{"0":1,"1":1,"2":1,"3":1,"4":1,"5":1},"f":{"0":1},"b":{"0":[1,1,1],"1":[0,1],"2":[1,1]},"inputSourceMap":{"version":3,"file":"database.js","sourceRoot":"","sources":["database.ts"],"names":[],"mappings":";;;;;AAOA,gFAAsC;AAGtC,MAAM,cAAc,GAAmB;IAWrC,UAAU,EAAE,aAAG,CAAC,GAAG,CAAC,eAAe,CAAC;IAEpC,WAAW,EAAE;QAYX,KAAK,EAAE;YACL,MAAM,EAAE,OAAO;YACf,UAAU,EAAE;gBACV,IAAI,EAAE,aAAG,CAAC,GAAG,CAAC,YAAY,CAAC;gBAC3B,IAAI,EAAE,aAAG,CAAC,GAAG,CAAC,YAAY,CAAC;gBAC3B,MAAM,EAAE,aAAG,CAAC,GAAG,CAAC,cAAc,CAAC;gBAC/B,QAAQ,EAAE,aAAG,CAAC,GAAG,CAAC,gBAAgB,EAAE,EAAE,CAAC;gBACvC,QAAQ,EAAE,aAAG,CAAC,GAAG,CAAC,eAAe,CAAC;aACnC;YACD,UAAU,EAAE;gBACV,WAAW,EAAE,IAAI;aAClB;YACD,WAAW,EAAE,KAAK;YAClB,KAAK,EAAE,IAAI;SACZ;KACF;CACF,CAAA;AAED,kBAAe,cAAc,CAAA","sourcesContent":["/**\n * Config source: https://git.io/JesV9\n *\n * Feel free to let us know via PR, if you find something broken in this config\n * file.\n */\n\nimport Env from '@ioc:Adonis/Core/Env'\nimport { DatabaseConfig } from '@ioc:Adonis/Lucid/Database'\n\nconst databaseConfig: DatabaseConfig = {\n  /*\n  |--------------------------------------------------------------------------\n  | Connection\n  |--------------------------------------------------------------------------\n  |\n  | The primary connection for making database queries across the application\n  | You can use any key from the `connections` object defined in this same\n  | file.\n  |\n  */\n  connection: Env.get('DB_CONNECTION'),\n\n  connections: {\n    /*\n    |--------------------------------------------------------------------------\n    | MSSQL config\n    |--------------------------------------------------------------------------\n    |\n    | Configuration for MSSQL database. Make sure to install the driver\n    | from npm when using this connection\n    |\n    | npm i tedious\n    |\n    */\n    mssql: {\n      client: 'mssql',\n      connection: {\n        user: Env.get('MSSQL_USER'),\n        port: Env.get('MSSQL_PORT'),\n        server: Env.get('MSSQL_SERVER'),\n        password: Env.get('MSSQL_PASSWORD', ''),\n        database: Env.get('MSSQL_DB_NAME'),\n      },\n      migrations: {\n        naturalSort: true,\n      },\n      healthCheck: false,\n      debug: true,\n    },\n  },\n}\n\nexport default databaseConfig\n"]},"_coverageSchema":"1a1c01bbd47fc00a2c39e90264f33305004495a9","hash":"3f409efafbd3df6679f19b389827fe70aa281b84","contentHash":"6c8e833313901a7745297cf833f49cb92b9f3b398e735a430b5837402d3f07f8"},"/home/tufe/dev/backend_cbpm/config/hash.ts":{"path":"/home/tufe/dev/backend_cbpm/config/hash.ts","statementMap":{"0":{"start":{"line":2,"column":22},"end":{"line":4,"column":1}},"1":{"start":{"line":3,"column":4},"end":{"line":3,"column":62}},"2":{"start":{"line":5,"column":0},"end":{"line":5,"column":62}},"3":{"start":{"line":6,"column":14},"end":{"line":6,"column":79}},"4":{"start":{"line":7,"column":19},"end":{"line":23,"column":1}},"5":{"start":{"line":24,"column":0},"end":{"line":24,"column":29}}},"fnMap":{"0":{"name":"(anonymous_0)","decl":{"start":{"line":2,"column":56},"end":{"line":2,"column":57}},"loc":{"start":{"line":2,"column":71},"end":{"line":4,"column":1}},"line":2}},"branchMap":{"0":{"loc":{"start":{"line":2,"column":22},"end":{"line":4,"column":1}},"type":"binary-expr","locations":[{"start":{"line":2,"column":23},"end":{"line":2,"column":27}},{"start":{"line":2,"column":31},"end":{"line":2,"column":51}},{"start":{"line":2,"column":56},"end":{"line":4,"column":1}}],"line":2},"1":{"loc":{"start":{"line":3,"column":11},"end":{"line":3,"column":61}},"type":"cond-expr","locations":[{"start":{"line":3,"column":37},"end":{"line":3,"column":40}},{"start":{"line":3,"column":43},"end":{"line":3,"column":61}}],"line":3},"2":{"loc":{"start":{"line":3,"column":12},"end":{"line":3,"column":33}},"type":"binary-expr","locations":[{"start":{"line":3,"column":12},"end":{"line":3,"column":15}},{"start":{"line":3,"column":19},"end":{"line":3,"column":33}}],"line":3}},"s":{"0":1,"1":1,"2":1,"3":1,"4":1,"5":1},"f":{"0":1},"b":{"0":[1,1,1],"1":[0,1],"2":[1,1]},"inputSourceMap":{"version":3,"file":"hash.js","sourceRoot":"","sources":["hash.ts"],"names":[],"mappings":";;;;;AAOA,gFAAsC;AAYtC,MAAM,UAAU,GAAe;IAU7B,OAAO,EAAE,aAAG,CAAC,GAAG,CAAC,aAAa,EAAE,QAAQ,CAAC;IAEzC,IAAI,EAAE;QAcJ,KAAK,EAAE;YACL,MAAM,EAAE,QAAQ;YAChB,OAAO,EAAE,IAAI;YACb,UAAU,EAAE,CAAC;YACb,MAAM,EAAE,IAAI;YACZ,WAAW,EAAE,CAAC;YACd,QAAQ,EAAE,EAAE;SACb;QAeD,MAAM,EAAE;YACN,MAAM,EAAE,QAAQ;YAChB,MAAM,EAAE,EAAE;SACX;KACF;CACF,CAAA;AAED,kBAAe,UAAU,CAAA","sourcesContent":["/**\n * Config source: https://git.io/JfefW\n *\n * Feel free to let us know via PR, if you find something broken in this config\n * file.\n */\n\nimport Env from '@ioc:Adonis/Core/Env'\nimport { HashConfig } from '@ioc:Adonis/Core/Hash'\n\n/*\n|--------------------------------------------------------------------------\n| Hash Config\n|--------------------------------------------------------------------------\n|\n| The `HashConfig` relies on the `HashList` interface which is\n| defined inside `contracts` directory.\n|\n*/\nconst hashConfig: HashConfig = {\n  /*\n  |--------------------------------------------------------------------------\n  | Default hasher\n  |--------------------------------------------------------------------------\n  |\n  | By default we make use of the bcrypt hasher to hash values. However, feel\n  | free to change the default value\n  |\n  */\n  default: Env.get('HASH_DRIVER', 'bcrypt'),\n\n  list: {\n    /*\n    |--------------------------------------------------------------------------\n    | Argon\n    |--------------------------------------------------------------------------\n    |\n    | Argon mapping uses the `argon2` driver to hash values.\n    |\n    | Make sure you install the underlying dependency for this driver to work.\n    | https://www.npmjs.com/package/phc-argon2.\n    |\n    | npm install phc-argon2\n    |\n    */\n    argon: {\n      driver: 'argon2',\n      variant: 'id',\n      iterations: 3,\n      memory: 4096,\n      parallelism: 1,\n      saltSize: 16,\n    },\n\n    /*\n    |--------------------------------------------------------------------------\n    | Bcrypt\n    |--------------------------------------------------------------------------\n    |\n    | Bcrypt mapping uses the `bcrypt` driver to hash values.\n    |\n    | Make sure you install the underlying dependency for this driver to work.\n    | https://www.npmjs.com/package/phc-bcrypt.\n    |\n    | npm install phc-bcrypt\n    |\n    */\n    bcrypt: {\n      driver: 'bcrypt',\n      rounds: 10,\n    },\n  },\n}\n\nexport default hashConfig\n"]},"_coverageSchema":"1a1c01bbd47fc00a2c39e90264f33305004495a9","hash":"a3fe9dfcec7333d413732d92be5576de88a75a22","contentHash":"406bbd9125235215c2d5c850b94c05fe46f766f565e417f984d80330f5e13f14"},"/home/tufe/dev/backend_cbpm/config/mail.ts":{"path":"/home/tufe/dev/backend_cbpm/config/mail.ts","statementMap":{"0":{"start":{"line":2,"column":22},"end":{"line":4,"column":1}},"1":{"start":{"line":3,"column":4},"end":{"line":3,"column":62}},"2":{"start":{"line":5,"column":0},"end":{"line":5,"column":62}},"3":{"start":{"line":6,"column":14},"end":{"line":6,"column":79}},"4":{"start":{"line":7,"column":19},"end":{"line":21,"column":1}},"5":{"start":{"line":22,"column":0},"end":{"line":22,"column":29}}},"fnMap":{"0":{"name":"(anonymous_0)","decl":{"start":{"line":2,"column":56},"end":{"line":2,"column":57}},"loc":{"start":{"line":2,"column":71},"end":{"line":4,"column":1}},"line":2}},"branchMap":{"0":{"loc":{"start":{"line":2,"column":22},"end":{"line":4,"column":1}},"type":"binary-expr","locations":[{"start":{"line":2,"column":23},"end":{"line":2,"column":27}},{"start":{"line":2,"column":31},"end":{"line":2,"column":51}},{"start":{"line":2,"column":56},"end":{"line":4,"column":1}}],"line":2},"1":{"loc":{"start":{"line":3,"column":11},"end":{"line":3,"column":61}},"type":"cond-expr","locations":[{"start":{"line":3,"column":37},"end":{"line":3,"column":40}},{"start":{"line":3,"column":43},"end":{"line":3,"column":61}}],"line":3},"2":{"loc":{"start":{"line":3,"column":12},"end":{"line":3,"column":33}},"type":"binary-expr","locations":[{"start":{"line":3,"column":12},"end":{"line":3,"column":15}},{"start":{"line":3,"column":19},"end":{"line":3,"column":33}}],"line":3}},"s":{"0":1,"1":1,"2":1,"3":1,"4":1,"5":1},"f":{"0":1},"b":{"0":[1,1,1],"1":[0,1],"2":[1,1]},"inputSourceMap":{"version":3,"file":"mail.js","sourceRoot":"","sources":["mail.ts"],"names":[],"mappings":";;;;;AAOA,gFAAsC;AAEtC,MAAM,UAAU,GAAG;IAUjB,MAAM,EAAE,MAAM;IAed,OAAO,EAAE;QASP,IAAI,EAAE;YACJ,MAAM,EAAE,MAAM;YACd,IAAI,EAAE,aAAG,CAAC,GAAG,CAAC,WAAW,CAAC;YAC1B,IAAI,EAAE,aAAG,CAAC,GAAG,CAAC,WAAW,CAAC;YAC1B,IAAI,EAAE;gBACJ,IAAI,EAAE,aAAG,CAAC,GAAG,CAAC,eAAe,CAAC;gBAC9B,IAAI,EAAE,aAAG,CAAC,GAAG,CAAC,eAAe,CAAC;gBAC9B,IAAI,EAAE,OAAO;aACd;SACF;KACF;CACF,CAAA;AAED,kBAAe,UAAU,CAAA","sourcesContent":["/**\n * Config source: https://git.io/JvgAf\n *\n * Feel free to let us know via PR, if you find something broken in this contract\n * file.\n */\n\nimport Env from '@ioc:Adonis/Core/Env'\n\nconst mailConfig = {\n  /*\n  |--------------------------------------------------------------------------\n  | Default mailer\n  |--------------------------------------------------------------------------\n  |\n  | The following mailer will be used to send emails, when you don't specify\n  | a mailer\n  |\n  */\n  mailer: 'smtp',\n\n  /*\n  |--------------------------------------------------------------------------\n  | Mailers\n  |--------------------------------------------------------------------------\n  |\n  | You can define or more mailers to send emails from your application. A\n  | single `driver` can be used to define multiple mailers with different\n  | config.\n  |\n  | For example: Postmark driver can be used to have different mailers for\n  | sending transactional and promotional emails\n  |\n  */\n  mailers: {\n    /*\n    |--------------------------------------------------------------------------\n    | Smtp\n    |--------------------------------------------------------------------------\n    |\n    | Uses SMTP protocol for sending email\n    |\n    */\n    smtp: {\n      driver: 'smtp',\n      host: Env.get('SMTP_HOST'),\n      port: Env.get('SMTP_PORT'),\n      auth: {\n        user: Env.get('SMTP_USERNAME'),\n        pass: Env.get('SMTP_PASSWORD'),\n        type: 'login',\n      },\n    },\n  },\n}\n\nexport default mailConfig\n"]},"_coverageSchema":"1a1c01bbd47fc00a2c39e90264f33305004495a9","hash":"1df02289aa59ec1e35d60211b30a294b199bfede","contentHash":"c953279944e34a274ab97b19ed0cde4d99535580ab05e8cdae8c29f61f0fe298"},"/home/tufe/dev/backend_cbpm/config/redis.ts":{"path":"/home/tufe/dev/backend_cbpm/config/redis.ts","statementMap":{"0":{"start":{"line":2,"column":22},"end":{"line":4,"column":1}},"1":{"start":{"line":3,"column":4},"end":{"line":3,"column":62}},"2":{"start":{"line":5,"column":0},"end":{"line":5,"column":62}},"3":{"start":{"line":6,"column":14},"end":{"line":6,"column":79}},"4":{"start":{"line":7,"column":20},"end":{"line":18,"column":1}},"5":{"start":{"line":19,"column":0},"end":{"line":19,"column":30}}},"fnMap":{"0":{"name":"(anonymous_0)","decl":{"start":{"line":2,"column":56},"end":{"line":2,"column":57}},"loc":{"start":{"line":2,"column":71},"end":{"line":4,"column":1}},"line":2}},"branchMap":{"0":{"loc":{"start":{"line":2,"column":22},"end":{"line":4,"column":1}},"type":"binary-expr","locations":[{"start":{"line":2,"column":23},"end":{"line":2,"column":27}},{"start":{"line":2,"column":31},"end":{"line":2,"column":51}},{"start":{"line":2,"column":56},"end":{"line":4,"column":1}}],"line":2},"1":{"loc":{"start":{"line":3,"column":11},"end":{"line":3,"column":61}},"type":"cond-expr","locations":[{"start":{"line":3,"column":37},"end":{"line":3,"column":40}},{"start":{"line":3,"column":43},"end":{"line":3,"column":61}}],"line":3},"2":{"loc":{"start":{"line":3,"column":12},"end":{"line":3,"column":33}},"type":"binary-expr","locations":[{"start":{"line":3,"column":12},"end":{"line":3,"column":15}},{"start":{"line":3,"column":19},"end":{"line":3,"column":33}}],"line":3}},"s":{"0":1,"1":1,"2":1,"3":1,"4":1,"5":1},"f":{"0":1},"b":{"0":[1,1,1],"1":[0,1],"2":[1,1]},"inputSourceMap":{"version":3,"file":"redis.js","sourceRoot":"","sources":["redis.ts"],"names":[],"mappings":";;;;;AAOA,gFAAsC;AAgBtC,MAAM,WAAW,GAAgB;IAC/B,UAAU,EAAE,aAAG,CAAC,GAAG,CAAC,kBAAkB,CAAC;IAEvC,WAAW,EAAE;QAWX,KAAK,EAAE;YACL,IAAI,EAAE,aAAG,CAAC,GAAG,CAAC,YAAY,CAAC;YAC3B,IAAI,EAAE,aAAG,CAAC,GAAG,CAAC,YAAY,CAAC;YAC3B,QAAQ,EAAE,aAAG,CAAC,GAAG,CAAC,gBAAgB,EAAE,EAAE,CAAC;YACvC,EAAE,EAAE,CAAC;YACL,SAAS,EAAE,EAAE;SACd;KACF;CACF,CAAA;AAED,kBAAe,WAAW,CAAA","sourcesContent":["/**\n * Config source: https://git.io/JemcF\n *\n * Feel free to let us know via PR, if you find something broken in this config\n * file.\n */\n\nimport Env from '@ioc:Adonis/Core/Env'\nimport { RedisConfig } from '@ioc:Adonis/Addons/Redis'\n\n/*\n|--------------------------------------------------------------------------\n| Redis configuration\n|--------------------------------------------------------------------------\n|\n| Following is the configuration used by the Redis provider to connect to\n| the redis server and execute redis commands.\n|\n| Do make sure to pre-define the connections type inside `contracts/redis.ts`\n| file for AdonisJs to recognize connections.\n|\n| Make sure to check `contracts/redis.ts` file for defining extra connections\n*/\nconst redisConfig: RedisConfig = {\n  connection: Env.get('REDIS_CONNECTION'),\n\n  connections: {\n    /*\n    |--------------------------------------------------------------------------\n    | The default connection\n    |--------------------------------------------------------------------------\n    |\n    | The main connection you want to use to execute redis commands. The same\n    | connection will be used by the session provider, if you rely on the\n    | redis driver.\n    |\n    */\n    local: {\n      host: Env.get('REDIS_HOST'),\n      port: Env.get('REDIS_PORT'),\n      password: Env.get('REDIS_PASSWORD', ''),\n      db: 0,\n      keyPrefix: '',\n    },\n  },\n}\n\nexport default redisConfig\n"]},"_coverageSchema":"1a1c01bbd47fc00a2c39e90264f33305004495a9","hash":"1f0af6e956ec9b090bf7d0a5eba7f2f0d186f6da","contentHash":"1fcde4eb8a49fd39b30bc43c7d90e261fa9deddc541c561edb43686038021bec"},"/home/tufe/dev/backend_cbpm/providers/AppProvider.ts":{"path":"/home/tufe/dev/backend_cbpm/providers/AppProvider.ts","statementMap":{"0":{"start":{"line":2,"column":0},"end":{"line":2,"column":62}},"1":{"start":{"line":5,"column":8},"end":{"line":5,"column":23}},"2":{"start":{"line":16,"column":0},"end":{"line":16,"column":30}}},"fnMap":{"0":{"name":"(anonymous_0)","decl":{"start":{"line":4,"column":4},"end":{"line":4,"column":5}},"loc":{"start":{"line":4,"column":21},"end":{"line":6,"column":5}},"line":4},"1":{"name":"(anonymous_1)","decl":{"start":{"line":7,"column":4},"end":{"line":7,"column":5}},"loc":{"start":{"line":7,"column":15},"end":{"line":8,"column":5}},"line":7},"2":{"name":"(anonymous_2)","decl":{"start":{"line":9,"column":4},"end":{"line":9,"column":5}},"loc":{"start":{"line":9,"column":17},"end":{"line":10,"column":5}},"line":9},"3":{"name":"(anonymous_3)","decl":{"start":{"line":11,"column":4},"end":{"line":11,"column":5}},"loc":{"start":{"line":11,"column":18},"end":{"line":12,"column":5}},"line":11},"4":{"name":"(anonymous_4)","decl":{"start":{"line":13,"column":4},"end":{"line":13,"column":5}},"loc":{"start":{"line":13,"column":21},"end":{"line":14,"column":5}},"line":13}},"branchMap":{},"s":{"0":1,"1":1,"2":1},"f":{"0":1,"1":1,"2":1,"3":1,"4":0},"b":{},"inputSourceMap":{"version":3,"file":"AppProvider.js","sourceRoot":"","sources":["AppProvider.ts"],"names":[],"mappings":";;AAEA,MAAqB,WAAW;IAC9B,YAAsB,GAAwB;QAAxB,QAAG,GAAH,GAAG,CAAqB;IAAG,CAAC;IAE3C,QAAQ;IAEf,CAAC;IAEM,KAAK,CAAC,IAAI;IAEjB,CAAC;IAEM,KAAK,CAAC,KAAK;IAElB,CAAC;IAEM,KAAK,CAAC,QAAQ;IAErB,CAAC;CACF;AAlBD,8BAkBC","sourcesContent":["import { ApplicationContract } from '@ioc:Adonis/Core/Application'\n\nexport default class AppProvider {\n  constructor(protected app: ApplicationContract) {}\n\n  public register() {\n    // Register your own bindings\n  }\n\n  public async boot() {\n    // IoC container is ready\n  }\n\n  public async ready() {\n    // App is ready\n  }\n\n  public async shutdown() {\n    // Cleanup, since app is going down\n  }\n}\n"]},"_coverageSchema":"1a1c01bbd47fc00a2c39e90264f33305004495a9","hash":"7fdfb18f377014f558ca61877a8b82c40a1c501a","contentHash":"437dd1025b0a04e9f67c37af2fd641766a505b03a43c80181933307ec3c3cf84"},"/home/tufe/dev/backend_cbpm/start/routes.ts":{"path":"/home/tufe/dev/backend_cbpm/start/routes.ts","statementMap":{"0":{"start":{"line":2,"column":22},"end":{"line":4,"column":1}},"1":{"start":{"line":3,"column":4},"end":{"line":3,"column":62}},"2":{"start":{"line":5,"column":0},"end":{"line":5,"column":62}},"3":{"start":{"line":6,"column":16},"end":{"line":6,"column":83}},"4":{"start":{"line":7,"column":0},"end":{"line":7,"column":71}},"5":{"start":{"line":8,"column":0},"end":{"line":8,"column":70}},"6":{"start":{"line":9,"column":0},"end":{"line":9,"column":71}},"7":{"start":{"line":10,"column":0},"end":{"line":10,"column":73}},"8":{"start":{"line":11,"column":0},"end":{"line":11,"column":78}},"9":{"start":{"line":12,"column":0},"end":{"line":12,"column":100}},"10":{"start":{"line":13,"column":0},"end":{"line":13,"column":80}},"11":{"start":{"line":14,"column":0},"end":{"line":14,"column":76}},"12":{"start":{"line":15,"column":0},"end":{"line":15,"column":59}},"13":{"start":{"line":16,"column":0},"end":{"line":41,"column":28}},"14":{"start":{"line":17,"column":4},"end":{"line":17,"column":85}},"15":{"start":{"line":18,"column":4},"end":{"line":18,"column":60}},"16":{"start":{"line":19,"column":4},"end":{"line":19,"column":79}},"17":{"start":{"line":20,"column":4},"end":{"line":20,"column":75}},"18":{"start":{"line":21,"column":4},"end":{"line":21,"column":81}},"19":{"start":{"line":22,"column":4},"end":{"line":22,"column":97}},"20":{"start":{"line":23,"column":4},"end":{"line":23,"column":98}},"21":{"start":{"line":24,"column":4},"end":{"line":24,"column":106}},"22":{"start":{"line":25,"column":4},"end":{"line":25,"column":76}},"23":{"start":{"line":26,"column":4},"end":{"line":26,"column":87}},"24":{"start":{"line":27,"column":4},"end":{"line":27,"column":93}},"25":{"start":{"line":28,"column":4},"end":{"line":28,"column":123}},"26":{"start":{"line":29,"column":4},"end":{"line":29,"column":87}},"27":{"start":{"line":30,"column":4},"end":{"line":30,"column":99}},"28":{"start":{"line":31,"column":4},"end":{"line":31,"column":119}},"29":{"start":{"line":32,"column":4},"end":{"line":32,"column":87}},"30":{"start":{"line":33,"column":4},"end":{"line":33,"column":93}},"31":{"start":{"line":34,"column":4},"end":{"line":34,"column":85}},"32":{"start":{"line":35,"column":4},"end":{"line":35,"column":77}},"33":{"start":{"line":36,"column":4},"end":{"line":36,"column":91}},"34":{"start":{"line":37,"column":4},"end":{"line":37,"column":107}},"35":{"start":{"line":38,"column":4},"end":{"line":38,"column":100}}},"fnMap":{"0":{"name":"(anonymous_0)","decl":{"start":{"line":2,"column":56},"end":{"line":2,"column":57}},"loc":{"start":{"line":2,"column":71},"end":{"line":4,"column":1}},"line":2},"1":{"name":"(anonymous_1)","decl":{"start":{"line":16,"column":22},"end":{"line":16,"column":23}},"loc":{"start":{"line":16,"column":28},"end":{"line":39,"column":1}},"line":16}},"branchMap":{"0":{"loc":{"start":{"line":2,"column":22},"end":{"line":4,"column":1}},"type":"binary-expr","locations":[{"start":{"line":2,"column":23},"end":{"line":2,"column":27}},{"start":{"line":2,"column":31},"end":{"line":2,"column":51}},{"start":{"line":2,"column":56},"end":{"line":4,"column":1}}],"line":2},"1":{"loc":{"start":{"line":3,"column":11},"end":{"line":3,"column":61}},"type":"cond-expr","locations":[{"start":{"line":3,"column":37},"end":{"line":3,"column":40}},{"start":{"line":3,"column":43},"end":{"line":3,"column":61}}],"line":3},"2":{"loc":{"start":{"line":3,"column":12},"end":{"line":3,"column":33}},"type":"binary-expr","locations":[{"start":{"line":3,"column":12},"end":{"line":3,"column":15}},{"start":{"line":3,"column":19},"end":{"line":3,"column":33}}],"line":3}},"s":{"0":1,"1":1,"2":1,"3":1,"4":1,"5":1,"6":1,"7":1,"8":1,"9":1,"10":1,"11":1,"12":1,"13":1,"14":1,"15":1,"16":1,"17":1,"18":1,"19":1,"20":1,"21":1,"22":1,"23":1,"24":1,"25":1,"26":1,"27":1,"28":1,"29":1,"30":1,"31":1,"32":1,"33":1,"34":1,"35":1},"f":{"0":1,"1":1},"b":{"0":[1,1,1],"1":[0,1],"2":[1,1]},"inputSourceMap":{"version":3,"file":"routes.js","sourceRoot":"","sources":["routes.ts"],"names":[],"mappings":";;;;;AAAA,oFAA0C;AAE1C,eAAK,CAAC,IAAI,CAAC,cAAc,EAAE,gCAAgC,CAAC,CAAA;AAC5D,eAAK,CAAC,IAAI,CAAC,iBAAiB,EAAE,4BAA4B,CAAC,CAAA;AAC3D,eAAK,CAAC,IAAI,CAAC,kBAAkB,EAAE,4BAA4B,CAAC,CAAA;AAE5D,eAAK,CAAC,IAAI,CAAC,kBAAkB,EAAE,8BAA8B,CAAC,CAAA;AAC9D,eAAK,CAAC,IAAI,CAAC,yBAAyB,EAAE,4BAA4B,CAAC,CAAA;AACnE,eAAK,CAAC,GAAG,CAAC,yBAAyB,EAAE,iCAAiC,CAAC,CAAC,EAAE,CAAC,aAAa,CAAC,CAAA;AAEzF,eAAK,CAAC,IAAI,CAAC,aAAa,EAAE,0CAA0C,CAAC,CAAA;AACrE,eAAK,CAAC,IAAI,CAAC,YAAY,EAAE,uCAAuC,CAAC,CAAA;AACjE,eAAK,CAAC,IAAI,CAAC,YAAY,EAAE,sBAAsB,CAAC,CAAA;AAEhD,eAAK,CAAC,KAAK,CAAC,GAAG,EAAE;IACf,eAAK,CAAC,IAAI,CAAC,sBAAsB,EAAE,kCAAkC,CAAC,CAAA;IAEtE,eAAK,CAAC,GAAG,CAAC,OAAO,EAAE,yBAAyB,CAAC,CAAA;IAC7C,eAAK,CAAC,GAAG,CAAC,mBAAmB,EAAE,gCAAgC,CAAC,CAAA;IAChE,eAAK,CAAC,GAAG,CAAC,iBAAiB,EAAE,8BAA8B,CAAC,CAAA;IAE5D,eAAK,CAAC,GAAG,CAAC,kBAAkB,EAAE,mCAAmC,CAAC,CAAA;IAClE,eAAK,CAAC,GAAG,CAAC,0BAA0B,EAAE,2CAA2C,CAAC,CAAA;IAClF,eAAK,CAAC,GAAG,CAAC,0BAA0B,EAAE,4CAA4C,CAAC,CAAA;IACnF,eAAK,CAAC,GAAG,CAAC,8BAA8B,EAAE,gDAAgD,CAAC,CAAA;IAE3F,eAAK,CAAC,GAAG,CAAC,WAAW,EAAE,qCAAqC,CAAC,CAAA;IAE7D,eAAK,CAAC,IAAI,CAAC,yBAAyB,EAAE,iCAAiC,CAAC,CAAA;IACxE,eAAK,CAAC,IAAI,CAAC,4BAA4B,EAAE,oCAAoC,CAAC,CAAA;IAC9E,eAAK,CAAC,IAAI,CACR,4CAA4C,EAC5C,kDAAkD,CACnD,CAAA;IACD,eAAK,CAAC,IAAI,CAAC,yBAAyB,EAAE,iCAAiC,CAAC,CAAA;IACxE,eAAK,CAAC,IAAI,CAAC,2BAA2B,EAAE,2CAA2C,CAAC,CAAA;IACpF,eAAK,CAAC,IAAI,CACR,0CAA0C,EAC1C,gDAAgD,CACjD,CAAA;IAED,eAAK,CAAC,IAAI,CAAC,yBAAyB,EAAE,iCAAiC,CAAC,CAAA;IACxE,eAAK,CAAC,IAAI,CAAC,4BAA4B,EAAE,oCAAoC,CAAC,CAAA;IAC9E,eAAK,CAAC,IAAI,CAAC,wBAAwB,EAAE,gCAAgC,CAAC,CAAA;IACtE,eAAK,CAAC,IAAI,CAAC,oBAAoB,EAAE,4BAA4B,CAAC,CAAA;IAC9D,eAAK,CAAC,IAAI,CAAC,2BAA2B,EAAE,mCAAmC,CAAC,CAAA;IAC5E,eAAK,CAAC,IAAI,CAAC,mCAAmC,EAAE,2CAA2C,CAAC,CAAA;IAC5F,eAAK,CAAC,IAAI,CAAC,gCAAgC,EAAE,uCAAuC,CAAC,CAAA;AACvF,CAAC,CAAC;KACC,MAAM,CAAC,WAAW,CAAC;KACnB,UAAU,CAAC,UAAU,CAAC,CAAA","sourcesContent":["import Route from '@ioc:Adonis/Core/Route'\n\nRoute.post('/api/militar', 'PoliceOfficerController.create')\nRoute.post('/api/dependente', 'DependentController.create')\nRoute.post('/api/pensionista', 'PensionerController.create')\n\nRoute.post('/api/contact-us/', 'UserController.contactUsMail')\nRoute.post('/api/resendEmail/:email', 'UserController.resendEmail')\nRoute.get('/api/verifyEmail/:email', 'EmailVerifiesController.confirm').as('verifyEmail')\n\nRoute.post('/api/forgot', 'LostPasswordsController.recoveryPassword')\nRoute.post('/api/reset', 'LostPasswordsController.resetPassword')\nRoute.post('/api/login', 'UserController.login')\n\nRoute.group(() => {\n  Route.post('/request-credential/', 'UserController.requestCredential')\n\n  Route.get('/show', 'UserController.showData')\n  Route.get('/show-credentials', 'UserController.showCredentials')\n  Route.get('/show-shortages', 'UserController.showShortages')\n\n  Route.get('/process-extract', 'ExtractsController.processExtract')\n  Route.get('/checkingAccount-extract', 'ExtractsController.checkingAccountExtract')\n  Route.get('/medical-expense-extract', 'ExtractsController.medicalExpenseStatement')\n  Route.get('/medical-expensec800-extract', 'ExtractsController.medicalExpenseC800Statement')\n\n  Route.get('/category', 'UserController.validateUserCategory')\n\n  Route.post('/forms/spouse-inclusion', 'FormsController.SpouseInclusion')\n  Route.post('/forms/companion-inclusion', 'FormsController.companionInclusion')\n  Route.post(\n    '/forms/inclusion-children-and-stepchildren',\n    'FormsController.inclusionChildrenAndStepchildren'\n  )\n  Route.post('/forms/parent-inclusion', 'FormsController.parentInclusion')\n  Route.post('/forms/inclusion-of-minor', 'FormsController.inclusionOfMinorInCustody')\n  Route.post(\n    '/forms/inclusion-of-disabled-beneficiary',\n    'FormsController.inclusionOfDisabledBeneficiary'\n  )\n\n  Route.post('/forms/spouse-exclusion', 'FormsController.spouseExclusion')\n  Route.post('/forms/companion-exclusion', 'FormsController.companionExclusion')\n  Route.post('/forms/general-request', 'FormsController.generalRequest')\n  Route.post('/forms/update-data', 'FormsController.updateData')\n  Route.post('/forms/health-declaration', 'FormsController.healthDeclaration')\n  Route.post('/forms/administrative-reinclusion', 'FormsController.administrativeReinclusion')\n  Route.post('/forms/update-pensionista-data', 'FormsController.updatePensionistaData')\n})\n  .prefix('/api/user')\n  .middleware('auth:api')\n"]},"_coverageSchema":"1a1c01bbd47fc00a2c39e90264f33305004495a9","hash":"890cf00e7c1ebb0b2d9e0615625896c5a0dfb80d","contentHash":"eb59111fd1edc8cf09a1423df8ab2453d38dedbd66b4e85b1614c3c81e61c455"},"/home/tufe/dev/backend_cbpm/start/kernel.ts":{"path":"/home/tufe/dev/backend_cbpm/start/kernel.ts","statementMap":{"0":{"start":{"line":2,"column":22},"end":{"line":8,"column":3}},"1":{"start":{"line":3,"column":4},"end":{"line":3,"column":33}},"2":{"start":{"line":3,"column":26},"end":{"line":3,"column":33}},"3":{"start":{"line":4,"column":4},"end":{"line":4,"column":89}},"4":{"start":{"line":4,"column":71},"end":{"line":4,"column":83}},"5":{"start":{"line":6,"column":4},"end":{"line":6,"column":33}},"6":{"start":{"line":6,"column":26},"end":{"line":6,"column":33}},"7":{"start":{"line":7,"column":4},"end":{"line":7,"column":17}},"8":{"start":{"line":9,"column":25},"end":{"line":13,"column":2}},"9":{"start":{"line":10,"column":4},"end":{"line":10,"column":72}},"10":{"start":{"line":12,"column":4},"end":{"line":12,"column":21}},"11":{"start":{"line":14,"column":19},"end":{"line":20,"column":1}},"12":{"start":{"line":15,"column":4},"end":{"line":15,"column":42}},"13":{"start":{"line":15,"column":31},"end":{"line":15,"column":42}},"14":{"start":{"line":16,"column":17},"end":{"line":16,"column":19}},"15":{"start":{"line":17,"column":4},"end":{"line":17,"column":141}},"16":{"start":{"line":17,"column":21},"end":{"line":17,"column":141}},"17":{"start":{"line":17,"column":40},"end":{"line":17,"column":141}},"18":{"start":{"line":17,"column":109},"end":{"line":17,"column":141}},"19":{"start":{"line":18,"column":4},"end":{"line":18,"column":36}},"20":{"start":{"line":19,"column":4},"end":{"line":19,"column":18}},"21":{"start":{"line":21,"column":22},"end":{"line":23,"column":1}},"22":{"start":{"line":22,"column":4},"end":{"line":22,"column":62}},"23":{"start":{"line":24,"colu
[...]
-\n|\n| AdonisJs will forward all exceptions occurred during an HTTP request to\n| the following class. You can learn more about exception handling by\n| reading docs.\n|\n| The exception handler extends a base `HttpExceptionHandler` which is not\n| mandatory, however it can do lot of heavy lifting to handle the errors\n| properly.\n|\n*/\n\nimport Logger from '@ioc:Adonis/Core/Logger'\nimport HttpExceptionHandler from '@ioc:Adonis/Core/HttpExceptionHandler'\n\nexport default class ExceptionHandler extends HttpExceptionHandler {\n  constructor() {\n    super(Logger)\n  }\n}\n"]},"_coverageSchema":"1a1c01bbd47fc00a2c39e90264f33305004495a9","hash":"e7588d2a74690e6c5fd33bb5c749a3f673ff1d50","contentHash":"688e902697c9ec30052db1fda0c6943dc647167505c554ae3d286c76c06eaed7"},"/home/tufe/dev/backend_cbpm/app/Controllers/Http/PensionerController.ts":{"path":"/home/tufe/dev/backend_cbpm/app/Controllers/Http/PensionerController.ts","statementMap":{"0":{"start":{"line":2,"column":22},"end":{"line":4,"column":1}},"1":{"start":{"line":3,"column":4},"end":{"line":3,"column":62}},"2":{"start":{"line":5,"column":0},"end":{"line":5,"column":62}},"3":{"start":{"line":6,"column":28},"end":{"line":6,"column":108}},"4":{"start":{"line":7,"column":25},"end":{"line":7,"column":92}},"5":{"start":{"line":8,"column":35},"end":{"line":8,"column":102}},"6":{"start":{"line":9,"column":30},"end":{"line":9,"column":92}},"7":{"start":{"line":10,"column":29},"end":{"line":10,"column":92}},"8":{"start":{"line":13,"column":8},"end":{"line":13,"column":61}},"9":{"start":{"line":14,"column":23},"end":{"line":14,"column":37}},"10":{"start":{"line":15,"column":26},"end":{"line":15,"column":83}},"11":{"start":{"line":16,"column":8},"end":{"line":16,"column":78}},"12":{"start":{"line":17,"column":8},"end":{"line":17,"column":65}},"13":{"start":{"line":18,"column":8},"end":{"line":18,"column":70}},"14":{"start":{"line":19,"column":8},"end":{"line":19,"column":71}},"15":{"start":{"line":20,"column":32},"end":{"line":20,"column":119}},"16":{"start":{"line":21,"column":8},"end":{"line":21,"column":68}},"17":{"start":{"line":22,"column":8},"end":{"line":22,"column":106}},"18":{"start":{"line":23,"column":21},"end":{"line":30,"column":10}},"19":{"start":{"line":31,"column":8},"end":{"line":31,"column":71}},"20":{"start":{"line":32,"column":8},"end":{"line":32,"column":35}},"21":{"start":{"line":35,"column":0},"end":{"line":35,"column":38}}},"fnMap":{"0":{"name":"(anonymous_0)","decl":{"start":{"line":2,"column":56},"end":{"line":2,"column":57}},"loc":{"start":{"line":2,"column":71},"end":{"line":4,"column":1}},"line":2},"1":{"name":"(anonymous_1)","decl":{"start":{"line":12,"column":4},"end":{"line":12,"column":5}},"loc":{"start":{"line":12,"column":40},"end":{"line":33,"column":5}},"line":12}},"branchMap":{"0":{"loc":{"start":{"line":2,"column":22},"end":{"line":4,"column":1}},"type":"binary-expr","locations":[{"start":{"line":2,"column":23},"end":{"line":2,"column":27}},{"start":{"line":2,"column":31},"end":{"line":2,"column":51}},{"start":{"line":2,"column":56},"end":{"line":4,"column":1}}],"line":2},"1":{"loc":{"start":{"line":3,"column":11},"end":{"line":3,"column":61}},"type":"cond-expr","locations":[{"start":{"line":3,"column":37},"end":{"line":3,"column":40}},{"start":{"line":3,"column":43},"end":{"line":3,"column":61}}],"line":3},"2":{"loc":{"start":{"line":3,"column":12},"end":{"line":3,"column":33}},"type":"binary-expr","locations":[{"start":{"line":3,"column":12},"end":{"line":3,"column":15}},{"start":{"line":3,"column":19},"end":{"line":3,"column":33}}],"line":3}},"s":{"0":1,"1":5,"2":1,"3":1,"4":1,"5":1,"6":1,"7":1,"8":11,"9":8,"10":8,"11":7,"12":6,"13":5,"14":5,"15":4,"16":3,"17":3,"18":2,"19":2,"20":2,"21":1},"f":{"0":5,"1":11},"b":{"0":[1,1,1],"1":[5,0],"2":[5,5]},"inputSourceMap":{"version":3,"file":"PensionerController.js","sourceRoot":"","sources":["PensionerController.ts"],"names":[],"mappings":";;;;;AACA,6GAA8D;AAC9D,6FAAoE;AACpE,uGAA8E;AAC9E,6FAAoE;AACpE,6FAAoE;AAEpE,MAAqB,mBAAmB;IAC/B,KAAK,CAAC,MAAM,CAAC,EAAE,OAAO,EAAE,QAAQ,EAAuB;QAE5D,MAAM,OAAO,CAAC,QAAQ,CAAC,4BAAkB,CAAC,CAAA;QAE1C,MAAM,MAAM,GAAG,OAAO,CAAC,IAAI,EAAE,CAAA;QAG7B,MAAM,SAAS,GAAG,MAAM,6BAAmB,CAAC,SAAS,CAAC,MAAM,CAAC,GAAG,CAAC,CAAA;QAGjE,MAAM,6BAAmB,CAAC,mBAAmB,CAAC,SAAS,CAAC,EAAE,CAAC,CAAA;QAG3D,MAAM,6BAAmB,CAAC,SAAS,CAAC,MAAM,CAAC,EAAE,CAAC,CAAA;QAG9C,MAAM,6BAAmB,CAAC,WAAW,CAAC,MAAM,CAAC,KAAK,CAAC,CAAA;QAGnD,MAAM,6BAAmB,CAAC,YAAY,CAAC,MAAM,CAAC,KAAK,CAAC,CAAA;QAGpD,MAAM,eAAe,GAAG,MAAM,6BAAmB,CAAC,mBAAmB,CACnE,SAAS,CAAC,EAAE,EACZ,MAAM,CAAC,SAAS,CACjB,CAAA;QAGD,MAAM,6BAAmB,CAAC,SAAS,CAAC,SAAS,CAAC,EAAE,CAAC,CAAA;QAGjD,MAAM,6BAAmB,CAAC,gBAAgB,CAAC,MAAM,CAAC,YAAY,EAAE,SAAS,CAAC,YAAY,CAAC,CAAA;QAGvF,MAAM,IAAI,GAAG,MAAM,2BAAiB,CAAC,MAAM,CAAC;YAC1C,SAAS,EAAE,SAAS,CAAC,EAAE;YACvB,WAAW,EAAE,eAAe;YAC5B,GAAG,EAAE,MAAM,CAAC,GAAG;YACf,KAAK,EAAE,MAAM,CAAC,KAAK;YACnB,KAAK,EAAE,MAAM,CAAC,KAAK;YACnB,SAAS,EAAE,wBAAc,CAAC,SAAS;SACpC,CAAC,CAAA;QAGF,MAAM,kCAAwB,CAAC,OAAO,CAAC,MAAM,CAAC,KAAK,CAAC,CAAA;QAEpD,OAAO,QAAQ,CAAC,IAAI,CAAC,IAAI,CAAC,CAAA;IAC5B,CAAC;CACF;AAjDD,sCAiDC","sourcesContent":["import { HttpContextContract } from '@ioc:Adonis/Core/HttpContext'\nimport CreateUserService from 'App/Services/CreateUserService'\nimport UserAccessType from '../../../contracts/Enums/UserAccessType'\nimport EmailConfirmationService from '../../Services/EmailConfirmationService'\nimport ValidateDataService from '../../Services/ValidateDataService'\nimport PensionerValidator from '../../Validators/PensionerValidator'\n\nexport default class PensionerController {\n  public async create({ request, response }: HttpContextContract) {\n    // Valida os dados do request\n    await request.validate(PensionerValidator)\n\n    const person = request.body()\n\n    // Busca o pensionista\n    const pensioner = await ValidateDataService.findByCPF(person.cpf)\n\n    // Verifica se o usuário já está cadastrado\n    await ValidateDataService.checkRegisteredUser(pensioner.id)\n\n    // Verifica se o RG é valido\n    await ValidateDataService.isValidRG(person.rg)\n\n    // Verifica se o e-mail já está cadastrado\n    await ValidateDataService.isUsedEmail(person.email)\n\n    // Verifica se o e-mail é valido\n    await ValidateDataService.isValidEmail(person.email)\n\n    // Verifica se a matrícula é valida\n    const policeOfficerId = await ValidateDataService.isValidRegistration(\n      pensioner.id,\n      person.matricula\n    )\n\n    // Verifica se o beneficio do pensionista está ativo\n    await ValidateDataService.isActived(pensioner.id)\n\n    // Verifica se a data de nascimento é valida\n    await ValidateDataService.isValidBirthdate(person.dtnascimento, pensioner.dtnascimento)\n\n    // Cria um usuário\n    const user = await CreateUserService.Create({\n      id_pessoa: pensioner.id,\n      id_provedor: policeOfficerId,\n      cpf: person.cpf,\n      email: person.email,\n      senha: person.senha,\n      categoria: UserAccessType.PENSIONER,\n    })\n\n    // Envio um e-mail com o link de validação da conta\n    await EmailConfirmationService.execute(person.email)\n\n    return response.json(user)\n  }\n}\n"]},"_coverageSchema":"1a1c01bbd47fc00a2c39e90264f33305004495a9","hash":"5633f8d933924853e4067c2cdb78ba5a4528e7ce","contentHash":"5cb5dd7cc79f5dbda1ea95688cbd6af55f9ca84e71144f84d1d631356c9097fb"},"/home/tufe/dev/backend_cbpm/app/Validators/PensionerValidator.ts":{"path":"/home/tufe/dev/backend_cbpm/app/Validators/PensionerValidator.ts","statementMap":{"0":{"start":{"line":2,"column":0},"end":{"line":2,"column":62}},"1":{"start":{"line":3,"column":20},"end":{"line":3,"column":74}},"2":{"start":{"line":6,"column":8},"end":{"line":6,"column":23}},"3":{"start":{"line":7,"column":8},"end":{"line":7,"column":64}},"4":{"start":{"line":8,"column":8},"end":{"line":19,"column":11}},"5":{"start":{"line":20,"column":8},"end":{"line":22,"column":10}},"6":{"start":{"line":25,"column":0},"end":{"line":25,"column":37}}},"fnMap":{"0":{"name":"(anonymous_0)","decl":{"start":{"line":5,"column":4},"end":{"line":5,"column":5}},"loc":{"start":{"line":5,"column":21},"end":{"line":23,"column":5}},"line":5}},"branchMap":{},"s":{"0":1,"1":1,"2":11,"3":11,"4":11,"5":11,"6":1},"f":{"0":11},"b":{},"inputSourceMap":{"version":3,"file":"PensionerValidator.js","sourceRoot":"","sources":["PensionerValidator.ts"],"names":[],"mappings":";;AACA,2EAAqE;AAErE,MAAqB,kBAAkB;IACrC,YAAsB,GAAwB;QAAxB,QAAG,GAAH,GAAG,CAAqB;QAEvC,aAAQ,GAAG,qBAAS,CAAC,SAAS,CAAC,OAAO,CAAA;QAEtC,WAAM,GAAG,kBAAM,CAAC,MAAM,CAAC;YAC5B,GAAG,EAAE,kBAAM,CAAC,MAAM,CAAC,EAAE,IAAI,EAAE,IAAI,EAAE,CAAC;YAClC,EAAE,EAAE,kBAAM,CAAC,MAAM,CAAC,EAAE,IAAI,EAAE,IAAI,EAAE,CAAC;YACjC,SAAS,EAAE,kBAAM,CAAC,MAAM,CAAC,EAAE,IAAI,EAAE,IAAI,EAAE,CAAC;YACxC,YAAY,EAAE,kBAAM,CAAC,MAAM,CAAC,EAAE,IAAI,EAAE,IAAI,EAAE,CAAC;YAC3C,KAAK,EAAE,kBAAM,CAAC,MAAM,CAAC,EAAE,IAAI,EAAE,IAAI,EAAE,EAAE,CAAC,iBAAK,CAAC,KAAK,EAAE,EAAE,iBAAK,CAAC,SAAS,CAAC,eAAe,CAAC,CAAC,CAAC;YACvF,KAAK,EAAE,kBAAM,CAAC,MAAM,CAAC,EAAE,IAAI,EAAE,IAAI,EAAE,EAAE;gBACnC,iBAAK,CAAC,KAAK,CAAC,0DAA0D,CAAC;gBACvE,iBAAK,CAAC,SAAS,CAAC,eAAe,CAAC;aACjC,CAAC;YACF,UAAU,EAAE,kBAAM,CAAC,MAAM,CAAC,EAAE,IAAI,EAAE,IAAI,EAAE,CAAC;SAC1C,CAAC,CAAA;QAEK,aAAQ,GAAG;YAChB,OAAO,EAAE,+BAA+B;SACzC,CAAA;IAnBgD,CAAC;CAoBnD;AArBD,qCAqBC","sourcesContent":["import { HttpContextContract } from '@ioc:Adonis/Core/HttpContext'\nimport { rules, schema, validator } from '@ioc:Adonis/Core/Validator'\n\nexport default class PensionerValidator {\n  constructor(protected ctx: HttpContextContract) {}\n\n  public reporter = validator.reporters.vanilla\n\n  public schema = schema.create({\n    cpf: schema.string({ trim: true }),\n    rg: schema.string({ trim: true }),\n    matricula: schema.string({ trim: true }),\n    dtnascimento: schema.string({ trim: true }),\n    email: schema.string({ trim: true }, [rules.email(), rules.confirmed('confirmaEmail')]),\n    senha: schema.string({ trim: true }, [\n      rules.regex(/^(?=.*[A-Z])(?=.*[!@#$&*])(?=.*[0-9])(?=.*[a-z]).{8,30}$/),\n      rules.confirmed('confirmaSenha'),\n    ]),\n    telCelular: schema.string({ trim: true }),\n  })\n\n  public messages = {\n    require: 'Preencha o campo {{ field }}!',\n  }\n}\n"]},"_coverageSchema":"1a1c01bbd47fc00a2c39e90264f33305004495a9","hash":"9df23a2d36a329497b6febdfac309f3f20b521b8","contentHash":"8da0719323c09f2e64a7383ee4a9d9f2e5d44b2b1570e2376df657a52239856c"},"/home/tufe/dev/backend_cbpm/app/Controllers/Http/PoliceOfficerController.ts":{"path":"/home/tufe/dev/backend_cbpm/app/Controllers/Http/PoliceOfficerController.ts","statementMap":{"0":{"start":{"line":2,"column":22},"end":{"line":4,"column":1}},"1":{"start":{"line":3,"column":4},"end":{"line":3,"column":62}},"2":{"start":{"line":5,"column":0},"end":{"line":5,"column":62}},"3":{"start":{"line":6,"column":25},"end":{"line":6,"column":92}},"4":{"start":{"line":7,"column":28},"end":{"line":7,"column":88}},"5":{"start":{"line":8,"column":35},"end":{"line":8,"column":102}},"6":{"start":{"line":9,"column":30},"end":{"line":9,"column":92}},"7":{"start":{"line":10,"column":33},"end":{"line":10,"column":100}},"8":{"start":{"line":13,"column":8},"end":{"line":13,"column":65}},"9":{"start":{"line":14,"column":30},"end":{"line":14,"column":44}},"10":{"start":{"line":15,"column":28},"end":{"line":15,"column":92}},"11":{"start":{"line":16,"column":8},"end":{"line":16,"column":80}},"12":{"start":{"line":17,"column":8},"end":{"line":17,"column":75}},"13":{"start":{"line":18,"column":8},"end":{"line":18,"column":72}},"14":{"start":{"line":19,"column":8},"end":{"line":19,"column":78}},"15":{"start":{"line":20,"column":8},"end":{"line":20,"column":77}},"16":{"start":{"line":21,"column":8},"end":{"line":21,"column":72}},"17":{"start":{"line":22,"column":8},"end":{"line":22,"column":115}},"18":{"start":{"line":23,"column":21},"end":{"line":30,"column":10}},"19":{"start":{"line":31,"column":8},"end":{"line":31,"column":78}},"20":{"start":{"line":32,"column":8},"end":{"line":32,"column":35}},"21":{"start":{"line":35,"column":0},"end":{"line":35,"column":37}}},"fnMap":{"0":{"name":"(anonymous_0)","decl":{"start":{"line":2,"column":56},"end":{"line":2,"column":57}},"loc":{"start":{"line":2,"column":71},"end":{"line":4,"column":1}},"line":2},"1":{"name":"(anonymous_1)","decl":{"start":{"line":12,"column":4},"end":{"line":12,"column":5}},"loc":{"start":{"line":12,"column":40},"end":{"line":33,"column":5}},"line":12}},"branchMap":{"0":{"loc":{"start":{"line":2,"column":22},"end":{"line":4,"column":1}},"type":"binary-expr","locations":[{"start":{"line":2,"column":23},"end":{"line":2,"column":27}},{"start":{"line":2,"column":31},"end":{"line":2,"column":51}},{"start":{"line":2,"column":56},"end":{"line":4,"column":1}}],"line":2},"1":{"loc":{"start":{"line":3,"column":11},"end":{"line":3,"column":61}},"type":"cond-expr","locations":[{"start":{"line":3,"column":37},"end":{"line":3,"column":40}},{"start":{"line":3,"column":43},"end":{"line":3,"column":61}}],"line":3},"2":{"loc":{"start":{"line":3,"column":12},"end":{"line":3,"column":33}},"type":"binary-expr","locations":[{"start":{"line":3,"column":12},"end":{"line":3,"column":15}},{"start":{"line":3,"column":19},"end":{"line":3,"column":33}}],"line":3}},"s":{"0":1,"1":5,"2":1,"3":1,"4":1,"5":1,"6":1,"7":1,"8":13,"9":10,"10":10,"11":9,"12":8,"13":8,"14":7,"15":6,"16":6,"17":5,"18":4,"19":4,"20":4,"21":1},"f":{"0":5,"1":13},"b":{"0":[1,1,1],"1":[5,0],"2":[5,5]},"inputSourceMap":{"version":3,"file":"PoliceOfficerController.js","sourceRoot":"","sources":["PoliceOfficerController.ts"],"names":[],"mappings":";;;;;AACA,6FAAoE;AACpE,yFAAgE;AAChE,uGAA8E;AAC9E,6FAAoE;AACpE,qGAA4E;AAE5E,MAAqB,kBAAkB;IAC9B,KAAK,CAAC,MAAM,CAAC,EAAE,OAAO,EAAE,QAAQ,EAAuB;QAE5D,MAAM,OAAO,CAAC,QAAQ,CAAC,gCAAsB,CAAC,CAAA;QAE9C,MAAM,aAAa,GAAG,OAAO,CAAC,IAAI,EAAE,CAAA;QAGpC,MAAM,WAAW,GAAG,MAAM,6BAAmB,CAAC,SAAS,CAAC,aAAa,CAAC,GAAG,CAAC,CAAA;QAG1E,MAAM,6BAAmB,CAAC,mBAAmB,CAAC,WAAW,CAAC,EAAE,CAAC,CAAA;QAG7D,MAAM,6BAAmB,CAAC,cAAc,CAAC,WAAW,CAAC,EAAE,CAAC,CAAA;QAGxD,MAAM,6BAAmB,CAAC,SAAS,CAAC,aAAa,CAAC,EAAE,CAAC,CAAA;QAGrD,MAAM,6BAAmB,CAAC,YAAY,CAAC,aAAa,CAAC,KAAK,CAAC,CAAA;QAG3D,MAAM,6BAAmB,CAAC,WAAW,CAAC,aAAa,CAAC,KAAK,CAAC,CAAA;QAG1D,MAAM,6BAAmB,CAAC,SAAS,CAAC,aAAa,CAAC,EAAE,CAAC,CAAA;QAGrD,MAAM,6BAAmB,CAAC,gBAAgB,CAAC,aAAa,CAAC,YAAY,EAAE,WAAW,CAAC,YAAY,CAAC,CAAA;QAGhG,MAAM,IAAI,GAAG,MAAM,2BAAiB,CAAC,MAAM,CAAC;YAC1C,SAAS,EAAE,WAAW,CAAC,EAAE;YACzB,WAAW,EAAE,WAAW,CAAC,EAAE;YAC3B,GAAG,EAAE,aAAa,CAAC,GAAG;YACtB,KAAK,EAAE,aAAa,CAAC,KAAK;YAC1B,KAAK,EAAE,aAAa,CAAC,KAAK;YAC1B,SAAS,EAAE,wBAAc,CAAC,WAAW;SACtC,CAAC,CAAA;QAGF,MAAM,kCAAwB,CAAC,OAAO,CAAC,aAAa,CAAC,KAAK,CAAC,CAAA;QAE3D,OAAO,QAAQ,CAAC,IAAI,CAAC,IAAI,CAAC,CAAA;IAC5B,CAAC;CACF;AA9CD,qCA8CC","sourcesContent":["import { HttpContextContract } from '@ioc:Adonis/Core/HttpContext'\nimport UserAccessType from '../../../contracts/Enums/UserAccessType'\nimport CreateUserService from '../../Services/CreateUserService'\nimport EmailConfirmationService from '../../Services/EmailConfirmationService'\nimport ValidateDataService from '../../Services/ValidateDataService'\nimport PoliceOfficerValidator from '../../Validators/PoliceOfficerValidator'\n\nexport default class PolicialController {\n  public async create({ request, response }: HttpContextContract) {\n    // Valida os dados do request\n    await request.validate(PoliceOfficerValidator)\n\n    const policeOfficer = request.body()\n\n    // Busca o policial\n    const contributor = await ValidateDataService.findByCPF(policeOfficer.cpf)\n\n    // Verifica se o usuário já está cadastrado\n    await ValidateDataService.checkRegisteredUser(contributor.id)\n\n    // Verifica se o provedor informado é um contribuinte\n    await ValidateDataService.isContribuinte(contributor.id)\n\n    // Verifica se o RG é valido\n    await ValidateDataService.isValidRG(policeOfficer.rg)\n\n    // Verifica se o e-mail é valido\n    await ValidateDataService.isValidEmail(policeOfficer.email)\n\n    // Verifica se o e-mail já está cadastrado\n    await ValidateDataService.isUsedEmail(policeOfficer.email)\n\n    // Verifica se o RE é valido\n    await ValidateDataService.isValidRE(policeOfficer.re)\n\n    // Verifica se a data de nascimento é valida\n    await ValidateDataService.isValidBirthdate(policeOfficer.dtnascimento, contributor.dtnascimento)\n\n    // Cria um usuário\n    const user = await CreateUserService.Create({\n      id_pessoa: contributor.id,\n      id_provedor: contributor.id,\n      cpf: policeOfficer.cpf,\n      email: policeOfficer.email,\n      senha: policeOfficer.senha,\n      categoria: UserAccessType.CONTRIBUTOR,\n    })\n\n    // Envia um e-mail com o link de validação da conta\n    await EmailConfirmationService.execute(policeOfficer.email)\n\n    return response.json(user)\n  }\n}\n"]},"_coverageSchema":"1a1c01bbd47fc00a2c39e90264f33305004495a9","hash":"2ff5f1ecf3d0f6935b153e438496b07a370bbfcf","contentHash":"2deff022a2cb1763f51508886cb1ce7a82cde48c0a6a78451e2e2a69c49a4dc4"},"/home/tufe/dev/backend_cbpm/app/Validators/PoliceOfficerValidator.ts":{"path":"/home/tufe/dev/backend_cbpm/app/Validators/PoliceOfficerValidator.ts","statementMap":{"0":{"start":{"line":2,"column":0},"end":{"line":2,"column":62}},"1":{"start":{"line":3,"column":20},"end":{"line":3,"column":74}},"2":{"start":{"line":6,"column":8},"end":{"line":6,"column":23}},"3":{"start":{"line":7,"column":8},"end":{"line":7,"column":64}},"4":{"start":{"line":8,"column":8},"end":{"line":19,"column":11}},"5":{"start":{"line":20,"column":8},"end":{"line":22,"column":10}},"6":{"start":{"line":25,"column":0},"end":{"line":25,"column":41}}},"fnMap":{"0":{"name":"(anonymous_0)","decl":{"start":{"line":5,"column":4},"end":{"line":5,"column":5}},"loc":{"start":{"line":5,"column":21},"end":{"line":23,"column":5}},"line":5}},"branchMap":{},"s":{"0":1,"1":1,"2":13,"3":13,"4":13,"5":13,"6":1},"f":{"0":13},"b":{},"inputSourceMap":{"version":3,"file":"PoliceOfficerValidator.js","sourceRoot":"","sources":["PoliceOfficerValidator.ts"],"names":[],"mappings":";;AACA,2EAAqE;AAErE,MAAqB,sBAAsB;IACzC,YAAsB,GAAwB;QAAxB,QAAG,GAAH,GAAG,CAAqB;QAEvC,aAAQ,GAAG,qBAAS,CAAC,SAAS,CAAC,OAAO,CAAA;QAEtC,WAAM,GAAG,kBAAM,CAAC,MAAM,CAAC;YAC5B,GAAG,EAAE,kBAAM,CAAC,MAAM,CAAC,EAAE,IAAI,EAAE,IAAI,EAAE,CAAC;YAClC,EAAE,EAAE,kBAAM,CAAC,MAAM,CAAC,EAAE,IAAI,EAAE,IAAI,EAAE,CAAC;YACjC,EAAE,EAAE,kBAAM,CAAC,MAAM,CAAC,EAAE,IAAI,EAAE,IAAI,EAAE,CAAC;YACjC,YAAY,EAAE,kBAAM,CAAC,MAAM,CAAC,EAAE,IAAI,EAAE,IAAI,EAAE,CAAC;YAC3C,KAAK,EAAE,kBAAM,CAAC,MAAM,CAAC,EAAE,IAAI,EAAE,IAAI,EAAE,EAAE,CAAC,iBAAK,CAAC,KAAK,EAAE,EAAE,iBAAK,CAAC,SAAS,CAAC,eAAe,CAAC,CAAC,CAAC;YACvF,KAAK,EAAE,kBAAM,CAAC,MAAM,CAAC,EAAE,IAAI,EAAE,IAAI,EAAE,EAAE;gBACnC,iBAAK,CAAC,KAAK,CAAC,0DAA0D,CAAC;gBACvE,iBAAK,CAAC,SAAS,CAAC,eAAe,CAAC;aACjC,CAAC;YACF,UAAU,EAAE,kBAAM,CAAC,MAAM,CAAC,EAAE,IAAI,EAAE,IAAI,EAAE,CAAC;SAC1C,CAAC,CAAA;QAEK,aAAQ,GAAG;YAChB,OAAO,EAAE,+BAA+B;SACzC,CAAA;IAnBgD,CAAC;CAoBnD;AArBD,yCAqBC","sourcesContent":["import { HttpContextContract } from '@ioc:Adonis/Core/HttpContext'\nimport { rules, schema, validator } from '@ioc:Adonis/Core/Validator'\n\nexport default class PoliceOfficerValidator {\n  constructor(protected ctx: HttpContextContract) {}\n\n  public reporter = validator.reporters.vanilla\n\n  public schema = schema.create({\n    cpf: schema.string({ trim: true }),\n    rg: schema.string({ trim: true }),\n    re: schema.string({ trim: true }),\n    dtnascimento: schema.string({ trim: true }),\n    email: schema.string({ trim: true }, [rules.email(), rules.confirmed('confirmaEmail')]),\n    senha: schema.string({ trim: true }, [\n      rules.regex(/^(?=.*[A-Z])(?=.*[!@#$&*])(?=.*[0-9])(?=.*[a-z]).{8,30}$/),\n      rules.confirmed('confirmaSenha'),\n    ]),\n    telCelular: schema.string({ trim: true }),\n  })\n\n  public messages = {\n    require: 'Preencha o campo {{ field }}!',\n  }\n}\n"]},"_coverageSchema":"1a1c01bbd47fc00a2c39e90264f33305004495a9","hash":"e659463e7dbebc44f19c78a4f5d31943cbfec892","contentHash":"d16035dd8080c5e10ed83453a31a3b5ffcd9f528223cf942630eaf25384911a4"}}